#
# There is insufficient memory for the Java Runtime Environment to continue.
# Native memory allocation (malloc) failed to allocate 1511056 bytes for Chunk::new
# Possible reasons:
#   The system is out of physical RAM or swap space
#   The process is running with CompressedOops enabled, and the Java Heap may be blocking the growth of the native heap
# Possible solutions:
#   Reduce memory load on the system
#   Increase physical memory or swap space
#   Check if swap backing store is full
#   Decrease Java heap size (-Xmx/-Xms)
#   Decrease number of Java threads
#   Decrease Java thread stack sizes (-Xss)
#   Set larger code cache with -XX:ReservedCodeCacheSize=
#   JVM is running with Unscaled Compressed Oops mode in which the Java heap is
#     placed in the first 4GB address space. The Java Heap base address is the
#     maximum limit for the native heap growth. Please use -XX:HeapBaseMinAddress
#     to set the Java Heap base and to place the Java Heap above 4GB virtual address.
# This output file may be truncated or incomplete.
#
#  Out of Memory Error (arena.cpp:189), pid=13256, tid=17276
#
# JRE version: Java(TM) SE Runtime Environment (17.0.12+8) (build 17.0.12+8-LTS-286)
# Java VM: Java HotSpot(TM) 64-Bit Server VM (17.0.12+8-LTS-286, mixed mode, sharing, tiered, compressed oops, compressed class ptrs, g1 gc, windows-amd64)
# No core dump will be written. Minidumps are not enabled by default on client versions of Windows
#

---------------  S U M M A R Y ------------

Command Line: org.jetbrains.kotlin.cli.jvm.K2JVMCompiler @C:\Nandha\Ecom360\android\app\build\20250205_11763069278725165141.compiler.options

Host: AMD Ryzen 5 5500U with Radeon Graphics         , 12 cores, 7G,  Windows 11 , 64 bit Build 26100 (10.0.26100.2454)
Time: Wed Feb  5 17:33:45 2025 India Standard Time elapsed time: 20.481552 seconds (0d 0h 0m 20s)

---------------  T H R E A D  ---------------

Current thread (0x0000022076947090):  JavaThread "C2 CompilerThread1" daemon [_thread_in_native, id=17276, stack(0x000000eb5be00000,0x000000eb5bf00000)]


Current CompileTask:
C2:  20482 5055       4       org.jetbrains.kotlin.fir.java.JavaTypeConversionKt::toConeKotlinTypeForFlexibleBound (850 bytes)

Stack: [0x000000eb5be00000,0x000000eb5bf00000]
Native frames: (J=compiled Java code, j=interpreted, Vv=VM code, C=native code)
V  [jvm.dll+0x67a04a]
V  [jvm.dll+0x7da4ed]
V  [jvm.dll+0x7dbe33]
V  [jvm.dll+0x7dc4a3]
V  [jvm.dll+0x24508f]
V  [jvm.dll+0xab773]
V  [jvm.dll+0xabd3c]
V  [jvm.dll+0x361b9f]
V  [jvm.dll+0x1ba64a]
V  [jvm.dll+0x216997]
V  [jvm.dll+0x215c6f]
V  [jvm.dll+0x1a2960]
V  [jvm.dll+0x22610b]
V  [jvm.dll+0x2242ab]
V  [jvm.dll+0x79075c]
V  [jvm.dll+0x78abea]
V  [jvm.dll+0x678f35]
C  [ucrtbase.dll+0x14ea0]
C  [KERNEL32.DLL+0x2e8d7]
C  [ntdll.dll+0xdfbcc]


---------------  P R O C E S S  ---------------

Threads class SMR info:
_java_thread_list=0x00000220785f1890, length=14, elements={
0x00000220123e61f0, 0x0000022030b92a10, 0x0000022030b935d0, 0x0000022030bac080,
0x0000022030bae960, 0x0000022030bb0240, 0x0000022030bb0b10, 0x0000022030bb9720,
0x0000022030bbc0f0, 0x0000022030be15c0, 0x00000220760dfe40, 0x00000220760e51e0,
0x0000022076947090, 0x0000022076948080
}

Java Threads: ( => current thread )
  0x00000220123e61f0 JavaThread "main" [_thread_in_vm, id=2840, stack(0x000000eb59f00000,0x000000eb5a000000)]
  0x0000022030b92a10 JavaThread "Reference Handler" daemon [_thread_blocked, id=17492, stack(0x000000eb5a600000,0x000000eb5a700000)]
  0x0000022030b935d0 JavaThread "Finalizer" daemon [_thread_blocked, id=17608, stack(0x000000eb5a700000,0x000000eb5a800000)]
  0x0000022030bac080 JavaThread "Signal Dispatcher" daemon [_thread_blocked, id=10040, stack(0x000000eb5a800000,0x000000eb5a900000)]
  0x0000022030bae960 JavaThread "Attach Listener" daemon [_thread_blocked, id=17556, stack(0x000000eb5a900000,0x000000eb5aa00000)]
  0x0000022030bb0240 JavaThread "Service Thread" daemon [_thread_blocked, id=14128, stack(0x000000eb5aa00000,0x000000eb5ab00000)]
  0x0000022030bb0b10 JavaThread "Monitor Deflation Thread" daemon [_thread_blocked, id=21076, stack(0x000000eb5ab00000,0x000000eb5ac00000)]
  0x0000022030bb9720 JavaThread "C2 CompilerThread0" daemon [_thread_in_native, id=2788, stack(0x000000eb5ac00000,0x000000eb5ad00000)]
  0x0000022030bbc0f0 JavaThread "C1 CompilerThread0" daemon [_thread_blocked, id=20740, stack(0x000000eb5ad00000,0x000000eb5ae00000)]
  0x0000022030be15c0 JavaThread "Sweeper thread" daemon [_thread_blocked, id=11100, stack(0x000000eb5ae00000,0x000000eb5af00000)]
  0x00000220760dfe40 JavaThread "Notification Thread" daemon [_thread_blocked, id=16532, stack(0x000000eb5af00000,0x000000eb5b000000)]
  0x00000220760e51e0 JavaThread "Common-Cleaner" daemon [_thread_blocked, id=9360, stack(0x000000eb5b100000,0x000000eb5b200000)]
=>0x0000022076947090 JavaThread "C2 CompilerThread1" daemon [_thread_in_native, id=17276, stack(0x000000eb5be00000,0x000000eb5bf00000)]
  0x0000022076948080 JavaThread "C2 CompilerThread2" daemon [_thread_in_native, id=9952, stack(0x000000eb5bf00000,0x000000eb5c000000)]

Other Threads:
  0x0000022030b8df60 VMThread "VM Thread" [stack: 0x000000eb5a500000,0x000000eb5a600000] [id=8316]
  0x0000022012460a30 WatcherThread [stack: 0x000000eb5b000000,0x000000eb5b100000] [id=7320]
  0x00000220124387b0 GCTaskThread "GC Thread#0" [stack: 0x000000eb5a000000,0x000000eb5a100000] [id=12976]
  0x00000220765f3250 GCTaskThread "GC Thread#1" [stack: 0x000000eb5b200000,0x000000eb5b300000] [id=8860]
  0x000002207666e870 GCTaskThread "GC Thread#2" [stack: 0x000000eb5b300000,0x000000eb5b400000] [id=19980]
  0x000002207666eb30 GCTaskThread "GC Thread#3" [stack: 0x000000eb5b400000,0x000000eb5b500000] [id=2980]
  0x0000022076670e00 GCTaskThread "GC Thread#4" [stack: 0x000000eb5b500000,0x000000eb5b600000] [id=6408]
  0x0000022076a71860 GCTaskThread "GC Thread#5" [stack: 0x000000eb5b600000,0x000000eb5b700000] [id=15712]
  0x0000022076b3cf50 GCTaskThread "GC Thread#6" [stack: 0x000000eb5b700000,0x000000eb5b800000] [id=15716]
  0x0000022076a49850 GCTaskThread "GC Thread#7" [stack: 0x000000eb5b800000,0x000000eb5b900000] [id=20400]
  0x0000022076f86000 GCTaskThread "GC Thread#8" [stack: 0x000000eb5b900000,0x000000eb5ba00000] [id=18476]
  0x0000022076f85d40 GCTaskThread "GC Thread#9" [stack: 0x000000eb5ba00000,0x000000eb5bb00000] [id=14848]
  0x0000022012449190 ConcurrentGCThread "G1 Main Marker" [stack: 0x000000eb5a100000,0x000000eb5a200000] [id=19448]
  0x0000022012449ba0 ConcurrentGCThread "G1 Conc#0" [stack: 0x000000eb5a200000,0x000000eb5a300000] [id=21420]
  0x0000022076f87080 ConcurrentGCThread "G1 Conc#1" [stack: 0x000000eb5bb00000,0x000000eb5bc00000] [id=21456]
  0x0000022076f85500 ConcurrentGCThread "G1 Conc#2" [stack: 0x000000eb5bc00000,0x000000eb5bd00000] [id=19300]
  0x0000022030a530d0 ConcurrentGCThread "G1 Refine#0" [stack: 0x000000eb5a300000,0x000000eb5a400000] [id=16316]
  0x00000220770b08c0 ConcurrentGCThread "G1 Refine#1" [stack: 0x000000eb5bd00000,0x000000eb5be00000] [id=11792]
  0x00000220771c7d30 ConcurrentGCThread "G1 Refine#2" [stack: 0x000000eb5c000000,0x000000eb5c100000] [id=16460]
  0x00000220771ca940 ConcurrentGCThread "G1 Refine#3" [stack: 0x000000eb5c100000,0x000000eb5c200000] [id=21396]
  0x0000022030a53b00 ConcurrentGCThread "G1 Service" [stack: 0x000000eb5a400000,0x000000eb5a500000] [id=12584]

Threads with active compile tasks:
C2 CompilerThread0    24560 5149       4       org.jetbrains.kotlin.fir.java.scopes.JavaClassUseSiteMemberScope::collectProperties (1033 bytes)
C2 CompilerThread1    24560 5055       4       org.jetbrains.kotlin.fir.java.JavaTypeConversionKt::toConeKotlinTypeForFlexibleBound (850 bytes)
C2 CompilerThread2    24561 5090       4       org.jetbrains.kotlin.fir.java.scopes.JavaClassUseSiteMemberScope::collectFunctions (516 bytes)

VM state: not at safepoint (normal execution)

VM Mutex/Monitor currently owned by a thread: None

Heap address: 0x000000008ac00000, size: 1876 MB, Compressed Oops mode: 32-bit

CDS archive(s) mapped at: [0x0000022031000000-0x0000022031bd0000-0x0000022031bd0000), size 12386304, SharedBaseAddress: 0x0000022031000000, ArchiveRelocationMode: 1.
Compressed class space mapped at: 0x0000022032000000-0x0000022072000000, reserved size: 1073741824
Narrow klass base: 0x0000022031000000, Narrow klass shift: 0, Narrow klass range: 0x100000000

GC Precious Log:
 CPUs: 12 total, 12 available
 Memory: 7501M
 Large Page Support: Disabled
 NUMA Support: Disabled
 Compressed Oops: Enabled (32-bit)
 Heap Region Size: 1M
 Heap Min Capacity: 8M
 Heap Initial Capacity: 118M
 Heap Max Capacity: 1876M
 Pre-touch: Disabled
 Parallel Workers: 10
 Concurrent Workers: 3
 Concurrent Refinement Workers: 10
 Periodic GC: Disabled

Heap:
 garbage-first heap   total 92160K, used 65917K [0x000000008ac00000, 0x0000000100000000)
  region size 1024K, 18 young (18432K), 4 survivors (4096K)
 Metaspace       used 52813K, committed 53056K, reserved 1114112K
  class space    used 6423K, committed 6528K, reserved 1048576K

Heap Regions: E=young(eden), S=young(survivor), O=old, HS=humongous(starts), HC=humongous(continues), CS=collection set, F=free, OA=open archive, CA=closed archive, TAMS=top-at-mark-start (previous, next)
|   0|0x000000008ac00000, 0x000000008ad00000, 0x000000008ad00000|100%|HS|  |TAMS 0x000000008ad00000, 0x000000008ac00000| Complete 
|   1|0x000000008ad00000, 0x000000008ae00000, 0x000000008ae00000|100%|HC|  |TAMS 0x000000008ae00000, 0x000000008ad00000| Complete 
|   2|0x000000008ae00000, 0x000000008af00000, 0x000000008af00000|100%|HC|  |TAMS 0x000000008af00000, 0x000000008ae00000| Complete 
|   3|0x000000008af00000, 0x000000008b000000, 0x000000008b000000|100%| O|  |TAMS 0x000000008b000000, 0x000000008af00000| Untracked 
|   4|0x000000008b000000, 0x000000008b100000, 0x000000008b100000|100%| O|  |TAMS 0x000000008b100000, 0x000000008b000000| Untracked 
|   5|0x000000008b100000, 0x000000008b1e5c00, 0x000000008b200000| 89%| O|  |TAMS 0x000000008b1e5c00, 0x000000008b100000| Untracked 
|   6|0x000000008b200000, 0x000000008b300000, 0x000000008b300000|100%| O|  |TAMS 0x000000008b300000, 0x000000008b200000| Untracked 
|   7|0x000000008b300000, 0x000000008b400000, 0x000000008b400000|100%| O|  |TAMS 0x000000008b400000, 0x000000008b300000| Untracked 
|   8|0x000000008b400000, 0x000000008b500000, 0x000000008b500000|100%| O|  |TAMS 0x000000008b500000, 0x000000008b400000| Untracked 
|   9|0x000000008b500000, 0x000000008b600000, 0x000000008b600000|100%| O|  |TAMS 0x000000008b600000, 0x000000008b500000| Untracked 
|  10|0x000000008b600000, 0x000000008b700000, 0x000000008b700000|100%| O|  |TAMS 0x000000008b700000, 0x000000008b600000| Untracked 
|  11|0x000000008b700000, 0x000000008b800000, 0x000000008b800000|100%| O|  |TAMS 0x000000008b800000, 0x000000008b700000| Untracked 
|  12|0x000000008b800000, 0x000000008b900000, 0x000000008b900000|100%| O|  |TAMS 0x000000008b900000, 0x000000008b800000| Untracked 
|  13|0x000000008b900000, 0x000000008ba00000, 0x000000008ba00000|100%| O|  |TAMS 0x000000008ba00000, 0x000000008b900000| Untracked 
|  14|0x000000008ba00000, 0x000000008bb00000, 0x000000008bb00000|100%| O|  |TAMS 0x000000008bb00000, 0x000000008ba00000| Untracked 
|  15|0x000000008bb00000, 0x000000008bc00000, 0x000000008bc00000|100%|HS|  |TAMS 0x000000008bc00000, 0x000000008bb00000| Complete 
|  16|0x000000008bc00000, 0x000000008bd00000, 0x000000008bd00000|100%| O|  |TAMS 0x000000008bd00000, 0x000000008bc00000| Untracked 
|  17|0x000000008bd00000, 0x000000008be00000, 0x000000008be00000|100%| O|  |TAMS 0x000000008be00000, 0x000000008bd00000| Untracked 
|  18|0x000000008be00000, 0x000000008bf00000, 0x000000008bf00000|100%| O|  |TAMS 0x000000008bf00000, 0x000000008be00000| Untracked 
|  19|0x000000008bf00000, 0x000000008c000000, 0x000000008c000000|100%| O|  |TAMS 0x000000008c000000, 0x000000008bf00000| Untracked 
|  20|0x000000008c000000, 0x000000008c100000, 0x000000008c100000|100%| O|  |TAMS 0x000000008c100000, 0x000000008c000000| Untracked 
|  21|0x000000008c100000, 0x000000008c200000, 0x000000008c200000|100%| O|  |TAMS 0x000000008c200000, 0x000000008c100000| Untracked 
|  22|0x000000008c200000, 0x000000008c300000, 0x000000008c300000|100%| O|  |TAMS 0x000000008c300000, 0x000000008c200000| Untracked 
|  23|0x000000008c300000, 0x000000008c400000, 0x000000008c400000|100%| O|  |TAMS 0x000000008c400000, 0x000000008c300000| Untracked 
|  24|0x000000008c400000, 0x000000008c500000, 0x000000008c500000|100%| O|  |TAMS 0x000000008c500000, 0x000000008c400000| Untracked 
|  25|0x000000008c500000, 0x000000008c600000, 0x000000008c600000|100%| O|  |TAMS 0x000000008c600000, 0x000000008c500000| Untracked 
|  26|0x000000008c600000, 0x000000008c700000, 0x000000008c700000|100%| O|  |TAMS 0x000000008c700000, 0x000000008c600000| Untracked 
|  27|0x000000008c700000, 0x000000008c800000, 0x000000008c800000|100%| O|  |TAMS 0x000000008c800000, 0x000000008c700000| Untracked 
|  28|0x000000008c800000, 0x000000008c900000, 0x000000008c900000|100%| O|  |TAMS 0x000000008c900000, 0x000000008c800000| Untracked 
|  29|0x000000008c900000, 0x000000008ca00000, 0x000000008ca00000|100%| O|  |TAMS 0x000000008ca00000, 0x000000008c900000| Untracked 
|  30|0x000000008ca00000, 0x000000008cb00000, 0x000000008cb00000|100%| O|  |TAMS 0x000000008cb00000, 0x000000008ca00000| Untracked 
|  31|0x000000008cb00000, 0x000000008cc00000, 0x000000008cc00000|100%| O|  |TAMS 0x000000008cc00000, 0x000000008cb00000| Untracked 
|  32|0x000000008cc00000, 0x000000008cd00000, 0x000000008cd00000|100%| O|  |TAMS 0x000000008cd00000, 0x000000008cc00000| Untracked 
|  33|0x000000008cd00000, 0x000000008ce00000, 0x000000008ce00000|100%| O|  |TAMS 0x000000008ce00000, 0x000000008cd00000| Untracked 
|  34|0x000000008ce00000, 0x000000008cf00000, 0x000000008cf00000|100%| O|  |TAMS 0x000000008cf00000, 0x000000008ce00000| Untracked 
|  35|0x000000008cf00000, 0x000000008d000000, 0x000000008d000000|100%| O|  |TAMS 0x000000008d000000, 0x000000008cf00000| Untracked 
|  36|0x000000008d000000, 0x000000008d100000, 0x000000008d100000|100%| O|  |TAMS 0x000000008d100000, 0x000000008d000000| Untracked 
|  37|0x000000008d100000, 0x000000008d200000, 0x000000008d200000|100%| O|  |TAMS 0x000000008d200000, 0x000000008d100000| Untracked 
|  38|0x000000008d200000, 0x000000008d300000, 0x000000008d300000|100%| O|  |TAMS 0x000000008d2ed600, 0x000000008d200000| Untracked 
|  39|0x000000008d300000, 0x000000008d400000, 0x000000008d400000|100%| O|  |TAMS 0x000000008d300000, 0x000000008d300000| Untracked 
|  40|0x000000008d400000, 0x000000008d500000, 0x000000008d500000|100%| O|  |TAMS 0x000000008d400000, 0x000000008d400000| Untracked 
|  41|0x000000008d500000, 0x000000008d600000, 0x000000008d600000|100%| O|  |TAMS 0x000000008d500000, 0x000000008d500000| Untracked 
|  42|0x000000008d600000, 0x000000008d700000, 0x000000008d700000|100%| O|  |TAMS 0x000000008d600000, 0x000000008d600000| Untracked 
|  43|0x000000008d700000, 0x000000008d800000, 0x000000008d800000|100%| O|  |TAMS 0x000000008d700000, 0x000000008d700000| Untracked 
|  44|0x000000008d800000, 0x000000008d900000, 0x000000008d900000|100%| O|  |TAMS 0x000000008d800000, 0x000000008d800000| Untracked 
|  45|0x000000008d900000, 0x000000008d979800, 0x000000008da00000| 47%| O|  |TAMS 0x000000008d900000, 0x000000008d900000| Untracked 
|  46|0x000000008da00000, 0x000000008da00000, 0x000000008db00000|  0%| F|  |TAMS 0x000000008da00000, 0x000000008da00000| Untracked 
|  47|0x000000008db00000, 0x000000008db00000, 0x000000008dc00000|  0%| F|  |TAMS 0x000000008db00000, 0x000000008db00000| Untracked 
|  48|0x000000008dc00000, 0x000000008dc00000, 0x000000008dd00000|  0%| F|  |TAMS 0x000000008dc00000, 0x000000008dc00000| Untracked 
|  49|0x000000008dd00000, 0x000000008dd00000, 0x000000008de00000|  0%| F|  |TAMS 0x000000008dd00000, 0x000000008dd00000| Untracked 
|  50|0x000000008de00000, 0x000000008de00000, 0x000000008df00000|  0%| F|  |TAMS 0x000000008de00000, 0x000000008de00000| Untracked 
|  51|0x000000008df00000, 0x000000008df00000, 0x000000008e000000|  0%| F|  |TAMS 0x000000008df00000, 0x000000008df00000| Untracked 
|  52|0x000000008e000000, 0x000000008e000000, 0x000000008e100000|  0%| F|  |TAMS 0x000000008e000000, 0x000000008e000000| Untracked 
|  53|0x000000008e100000, 0x000000008e100000, 0x000000008e200000|  0%| F|  |TAMS 0x000000008e100000, 0x000000008e100000| Untracked 
|  54|0x000000008e200000, 0x000000008e200000, 0x000000008e300000|  0%| F|  |TAMS 0x000000008e200000, 0x000000008e200000| Untracked 
|  55|0x000000008e300000, 0x000000008e300000, 0x000000008e400000|  0%| F|  |TAMS 0x000000008e300000, 0x000000008e300000| Untracked 
|  56|0x000000008e400000, 0x000000008e400000, 0x000000008e500000|  0%| F|  |TAMS 0x000000008e400000, 0x000000008e400000| Untracked 
|  57|0x000000008e500000, 0x000000008e500000, 0x000000008e600000|  0%| F|  |TAMS 0x000000008e500000, 0x000000008e500000| Untracked 
|  58|0x000000008e600000, 0x000000008e600000, 0x000000008e700000|  0%| F|  |TAMS 0x000000008e600000, 0x000000008e600000| Untracked 
|  59|0x000000008e700000, 0x000000008e700000, 0x000000008e800000|  0%| F|  |TAMS 0x000000008e700000, 0x000000008e700000| Untracked 
|  60|0x000000008e800000, 0x000000008e900000, 0x000000008e900000|100%| S|CS|TAMS 0x000000008e800000, 0x000000008e800000| Complete 
|  61|0x000000008e900000, 0x000000008ea00000, 0x000000008ea00000|100%| S|CS|TAMS 0x000000008e900000, 0x000000008e900000| Complete 
|  62|0x000000008ea00000, 0x000000008eb00000, 0x000000008eb00000|100%| S|CS|TAMS 0x000000008ea00000, 0x000000008ea00000| Complete 
|  63|0x000000008eb00000, 0x000000008ec00000, 0x000000008ec00000|100%| S|CS|TAMS 0x000000008eb00000, 0x000000008eb00000| Complete 
|  64|0x000000008ec00000, 0x000000008ec00000, 0x000000008ed00000|  0%| F|  |TAMS 0x000000008ec00000, 0x000000008ec00000| Untracked 
|  65|0x000000008ed00000, 0x000000008ed00000, 0x000000008ee00000|  0%| F|  |TAMS 0x000000008ed00000, 0x000000008ed00000| Untracked 
|  66|0x000000008ee00000, 0x000000008ee00000, 0x000000008ef00000|  0%| F|  |TAMS 0x000000008ee00000, 0x000000008ee00000| Untracked 
|  67|0x000000008ef00000, 0x000000008ef00000, 0x000000008f000000|  0%| F|  |TAMS 0x000000008ef00000, 0x000000008ef00000| Untracked 
|  68|0x000000008f000000, 0x000000008f000000, 0x000000008f100000|  0%| F|  |TAMS 0x000000008f000000, 0x000000008f000000| Untracked 
|  69|0x000000008f100000, 0x000000008f100000, 0x000000008f200000|  0%| F|  |TAMS 0x000000008f100000, 0x000000008f100000| Untracked 
|  70|0x000000008f200000, 0x000000008f200000, 0x000000008f300000|  0%| F|  |TAMS 0x000000008f200000, 0x000000008f200000| Untracked 
|  71|0x000000008f300000, 0x000000008f300000, 0x000000008f400000|  0%| F|  |TAMS 0x000000008f300000, 0x000000008f300000| Untracked 
|  72|0x000000008f400000, 0x000000008f400000, 0x000000008f500000|  0%| F|  |TAMS 0x000000008f400000, 0x000000008f400000| Untracked 
|  73|0x000000008f500000, 0x000000008f500000, 0x000000008f600000|  0%| F|  |TAMS 0x000000008f500000, 0x000000008f500000| Untracked 
|  74|0x000000008f600000, 0x000000008f6a9708, 0x000000008f700000| 66%| E|  |TAMS 0x000000008f600000, 0x000000008f600000| Complete 
|  75|0x000000008f700000, 0x000000008f800000, 0x000000008f800000|100%| E|CS|TAMS 0x000000008f700000, 0x000000008f700000| Complete 
|  76|0x000000008f800000, 0x000000008f900000, 0x000000008f900000|100%| E|CS|TAMS 0x000000008f800000, 0x000000008f800000| Complete 
|  77|0x000000008f900000, 0x000000008fa00000, 0x000000008fa00000|100%| E|CS|TAMS 0x000000008f900000, 0x000000008f900000| Complete 
|  78|0x000000008fa00000, 0x000000008fb00000, 0x000000008fb00000|100%| E|CS|TAMS 0x000000008fa00000, 0x000000008fa00000| Complete 
|  80|0x000000008fc00000, 0x000000008fd00000, 0x000000008fd00000|100%| E|CS|TAMS 0x000000008fc00000, 0x000000008fc00000| Complete 
|  83|0x000000008ff00000, 0x0000000090000000, 0x0000000090000000|100%| E|CS|TAMS 0x000000008ff00000, 0x000000008ff00000| Complete 
|  84|0x0000000090000000, 0x0000000090100000, 0x0000000090100000|100%| E|CS|TAMS 0x0000000090000000, 0x0000000090000000| Complete 
|  85|0x0000000090100000, 0x0000000090200000, 0x0000000090200000|100%| E|CS|TAMS 0x0000000090100000, 0x0000000090100000| Complete 
|  86|0x0000000090200000, 0x0000000090300000, 0x0000000090300000|100%| E|CS|TAMS 0x0000000090200000, 0x0000000090200000| Complete 
|  87|0x0000000090300000, 0x0000000090400000, 0x0000000090400000|100%| E|CS|TAMS 0x0000000090300000, 0x0000000090300000| Complete 
|  88|0x0000000090400000, 0x0000000090500000, 0x0000000090500000|100%| E|CS|TAMS 0x0000000090400000, 0x0000000090400000| Complete 
|  89|0x0000000090500000, 0x0000000090600000, 0x0000000090600000|100%| E|CS|TAMS 0x0000000090500000, 0x0000000090500000| Complete 
| 117|0x0000000092100000, 0x0000000092200000, 0x0000000092200000|100%| E|CS|TAMS 0x0000000092100000, 0x0000000092100000| Complete 
|1874|0x00000000ffe00000, 0x00000000fff00000, 0x00000000fff00000|100%| O|  |TAMS 0x00000000fff00000, 0x00000000ffe00000| Untracked 
|1875|0x00000000fff00000, 0x0000000100000000, 0x0000000100000000|100%| O|  |TAMS 0x0000000100000000, 0x00000000fff00000| Untracked 

Card table byte_map: [0x0000022029d70000,0x000002202a120000] _byte_map_base: 0x000002202991a000

Marking Bits (Prev, Next): (CMBitMap*) 0x0000022012439e20, (CMBitMap*) 0x0000022012439de0
 Prev Bits: [0x000002202c220000, 0x000002202df70000)
 Next Bits: [0x000002202a4d0000, 0x000002202c220000)

Polling page: 0x0000022010bc0000

Metaspace:

Usage:
  Non-class:     45.35 MB used.
      Class:      6.28 MB used.
       Both:     51.63 MB used.

Virtual space:
  Non-class space:       64.00 MB reserved,      45.50 MB ( 71%) committed,  1 nodes.
      Class space:        1.00 GB reserved,       6.38 MB ( <1%) committed,  1 nodes.
             Both:        1.06 GB reserved,      51.88 MB (  5%) committed. 

Chunk freelists:
   Non-Class:  1.33 MB
       Class:  9.62 MB
        Both:  10.95 MB

MaxMetaspaceSize: unlimited
CompressedClassSpaceSize: 1.00 GB
Initial GC threshold: 21.00 MB
Current GC threshold: 85.94 MB
CDS: on
MetaspaceReclaimPolicy: balanced
 - commit_granule_bytes: 65536.
 - commit_granule_words: 8192.
 - virtual_space_node_default_size: 8388608.
 - enlarge_chunks_in_place: 1.
 - new_chunks_are_fully_committed: 0.
 - uncommit_free_chunks: 1.
 - use_allocation_guard: 0.
 - handle_deallocations: 1.


Internal statistics:

num_allocs_failed_limit: 6.
num_arena_births: 262.
num_arena_deaths: 0.
num_vsnodes_births: 2.
num_vsnodes_deaths: 0.
num_space_committed: 829.
num_space_uncommitted: 0.
num_chunks_returned_to_freelist: 6.
num_chunks_taken_from_freelist: 2099.
num_chunk_merges: 6.
num_chunk_splits: 1717.
num_chunks_enlarged: 1560.
num_inconsistent_stats: 0.

CodeHeap 'non-profiled nmethods': size=120000Kb used=2841Kb max_used=2841Kb free=117158Kb
 bounds [0x0000022021810000, 0x0000022021ae0000, 0x0000022028d40000]
CodeHeap 'profiled nmethods': size=120000Kb used=13643Kb max_used=13643Kb free=106356Kb
 bounds [0x0000022019d40000, 0x000002201aaa0000, 0x0000022021270000]
CodeHeap 'non-nmethods': size=5760Kb used=1344Kb max_used=1387Kb free=4415Kb
 bounds [0x0000022021270000, 0x00000220214e0000, 0x0000022021810000]
 total_blobs=5899 nmethods=5232 adapters=578
 compilation: enabled
              stopped_count=0, restarted_count=0
 full_count=0

Compilation events (20 events):
Event: 19.420 Thread 0x0000022030bbc0f0 nmethod 5222 0x000002201aa69f10 code [0x000002201aa6a120, 0x000002201aa6a788]
Event: 19.420 Thread 0x0000022030bbc0f0 5218       3       org.jetbrains.kotlin.fir.analysis.checkers.declaration.FirOverrideChecker::check$checkMember (99 bytes)
Event: 19.424 Thread 0x0000022030bbc0f0 nmethod 5218 0x000002201aa6aa10 code [0x000002201aa6af40, 0x000002201aa6d578]
Event: 19.424 Thread 0x0000022030bbc0f0 5241       3       org.jetbrains.kotlin.fir.analysis.checkers.declaration.FirBadInheritedJavaSignaturesChecker::check$lambda$1 (346 bytes)
Event: 19.433 Thread 0x0000022030bbc0f0 nmethod 5241 0x000002201aa6e210 code [0x000002201aa6eb40, 0x000002201aa74408]
Event: 19.433 Thread 0x0000022030bbc0f0 5230       3       org.jetbrains.kotlin.fir.analysis.checkers.declaration.FirImplementationMismatchChecker::checkInheritanceClash (1067 bytes)
Event: 19.453 Thread 0x0000022030bbc0f0 nmethod 5230 0x000002201aa75d90 code [0x000002201aa76c80, 0x000002201aa81c18]
Event: 19.453 Thread 0x0000022030bbc0f0 5239       3       org.jetbrains.kotlin.fir.types.ConeFlexibleType::hashCode (23 bytes)
Event: 19.454 Thread 0x0000022030bbc0f0 nmethod 5239 0x000002201aa85190 code [0x000002201aa85340, 0x000002201aa855f8]
Event: 19.454 Thread 0x0000022030bbc0f0 5237       3       org.jetbrains.kotlin.fir.analysis.checkers.declaration.FirBadInheritedJavaSignaturesChecker$check$1$hasBadReturnType$1::invoke (9 bytes)
Event: 19.455 Thread 0x0000022030bbc0f0 nmethod 5237 0x000002201aa85710 code [0x000002201aa85980, 0x000002201aa863d8]
Event: 19.455 Thread 0x0000022030bbc0f0 5238       3       org.jetbrains.kotlin.fir.analysis.checkers.declaration.FirBadInheritedJavaSignaturesChecker$check$1$hasBadReturnType$1::invoke (14 bytes)
Event: 19.456 Thread 0x0000022030bbc0f0 nmethod 5238 0x000002201aa86790 code [0x000002201aa86a00, 0x000002201aa872d8]
Event: 19.457 Thread 0x0000022030bbc0f0 5240       3       org.jetbrains.kotlin.fir.analysis.checkers.declaration.FirBadInheritedJavaSignaturesChecker$$Lambda$873/0x0000022032657860::invoke (20 bytes)
Event: 19.457 Thread 0x0000022030bbc0f0 nmethod 5240 0x000002201aa87610 code [0x000002201aa877c0, 0x000002201aa87a08]
Event: 19.457 Thread 0x0000022030bbc0f0 5228       3       org.jetbrains.kotlin.fir.analysis.checkers.FirHelpersKt::isVisibleInClass (188 bytes)
Event: 19.460 Thread 0x0000022030bbc0f0 nmethod 5228 0x000002201aa87b10 code [0x000002201aa87f80, 0x000002201aa8a3a8]
Event: 19.460 Thread 0x0000022030bbc0f0 5231       3       org.jetbrains.kotlin.descriptors.Visibility::visibleFromPackage (14 bytes)
Event: 19.461 Thread 0x0000022030bbc0f0 nmethod 5231 0x000002201aa8ae90 code [0x000002201aa8b120, 0x000002201aa8bb58]
Event: 19.461 Thread 0x0000022030bbc0f0 5224       3       org.jetbrains.kotlin.fir.analysis.checkers.FirHelpersKt::isVisibleInClass (62 bytes)

GC Heap History (20 events):
Event: 6.499 GC heap before
{Heap before GC invocations=4 (full 0):
 garbage-first heap   total 51200K, used 40537K [0x000000008ac00000, 0x0000000100000000)
  region size 1024K, 35 young (35840K), 8 survivors (8192K)
 Metaspace       used 27597K, committed 27776K, reserved 1114112K
  class space    used 3592K, committed 3648K, reserved 1048576K
}
Event: 6.519 GC heap after
{Heap after GC invocations=5 (full 0):
 garbage-first heap   total 53248K, used 16277K [0x000000008ac00000, 0x0000000100000000)
  region size 1024K, 3 young (3072K), 3 survivors (3072K)
 Metaspace       used 27597K, committed 27776K, reserved 1114112K
  class space    used 3592K, committed 3648K, reserved 1048576K
}
Event: 7.654 GC heap before
{Heap before GC invocations=5 (full 0):
 garbage-first heap   total 53248K, used 36757K [0x000000008ac00000, 0x0000000100000000)
  region size 1024K, 24 young (24576K), 3 survivors (3072K)
 Metaspace       used 33316K, committed 33600K, reserved 1114112K
  class space    used 4153K, committed 4288K, reserved 1048576K
}
Event: 7.661 GC heap after
{Heap after GC invocations=6 (full 0):
 garbage-first heap   total 53248K, used 16791K [0x000000008ac00000, 0x0000000100000000)
  region size 1024K, 1 young (1024K), 1 survivors (1024K)
 Metaspace       used 33316K, committed 33600K, reserved 1114112K
  class space    used 4153K, committed 4288K, reserved 1048576K
}
Event: 9.294 GC heap before
{Heap before GC invocations=6 (full 0):
 garbage-first heap   total 53248K, used 26007K [0x000000008ac00000, 0x0000000100000000)
  region size 1024K, 12 young (12288K), 1 survivors (1024K)
 Metaspace       used 35859K, committed 36096K, reserved 1114112K
  class space    used 4443K, committed 4544K, reserved 1048576K
}
Event: 9.302 GC heap after
{Heap after GC invocations=7 (full 0):
 garbage-first heap   total 53248K, used 17651K [0x000000008ac00000, 0x0000000100000000)
  region size 1024K, 2 young (2048K), 2 survivors (2048K)
 Metaspace       used 35859K, committed 36096K, reserved 1114112K
  class space    used 4443K, committed 4544K, reserved 1048576K
}
Event: 10.639 GC heap before
{Heap before GC invocations=8 (full 0):
 garbage-first heap   total 53248K, used 40179K [0x000000008ac00000, 0x0000000100000000)
  region size 1024K, 24 young (24576K), 2 survivors (2048K)
 Metaspace       used 37889K, committed 38144K, reserved 1114112K
  class space    used 4643K, committed 4800K, reserved 1048576K
}
Event: 10.661 GC heap after
{Heap after GC invocations=9 (full 0):
 garbage-first heap   total 53248K, used 23518K [0x000000008ac00000, 0x0000000100000000)
  region size 1024K, 3 young (3072K), 3 survivors (3072K)
 Metaspace       used 37889K, committed 38144K, reserved 1114112K
  class space    used 4643K, committed 4800K, reserved 1048576K
}
Event: 10.712 GC heap before
{Heap before GC invocations=9 (full 0):
 garbage-first heap   total 53248K, used 24542K [0x000000008ac00000, 0x0000000100000000)
  region size 1024K, 4 young (4096K), 3 survivors (3072K)
 Metaspace       used 38024K, committed 38272K, reserved 1114112K
  class space    used 4659K, committed 4800K, reserved 1048576K
}
Event: 10.725 GC heap after
{Heap after GC invocations=10 (full 0):
 garbage-first heap   total 53248K, used 24311K [0x000000008ac00000, 0x0000000100000000)
  region size 1024K, 1 young (1024K), 1 survivors (1024K)
 Metaspace       used 38024K, committed 38272K, reserved 1114112K
  class space    used 4659K, committed 4800K, reserved 1048576K
}
Event: 11.566 GC heap before
{Heap before GC invocations=10 (full 0):
 garbage-first heap   total 53248K, used 35575K [0x000000008ac00000, 0x0000000100000000)
  region size 1024K, 13 young (13312K), 1 survivors (1024K)
 Metaspace       used 40460K, committed 40704K, reserved 1114112K
  class space    used 4951K, committed 5056K, reserved 1048576K
}
Event: 11.575 GC heap after
{Heap after GC invocations=11 (full 0):
 garbage-first heap   total 89088K, used 25210K [0x000000008ac00000, 0x0000000100000000)
  region size 1024K, 2 young (2048K), 2 survivors (2048K)
 Metaspace       used 40460K, committed 40704K, reserved 1114112K
  class space    used 4951K, committed 5056K, reserved 1048576K
}
Event: 13.811 GC heap before
{Heap before GC invocations=11 (full 0):
 garbage-first heap   total 89088K, used 65146K [0x000000008ac00000, 0x0000000100000000)
  region size 1024K, 40 young (40960K), 2 survivors (2048K)
 Metaspace       used 44206K, committed 44480K, reserved 1114112K
  class space    used 5380K, committed 5504K, reserved 1048576K
}
Event: 13.842 GC heap after
{Heap after GC invocations=12 (full 0):
 garbage-first heap   total 89088K, used 36751K [0x000000008ac00000, 0x0000000100000000)
  region size 1024K, 5 young (5120K), 5 survivors (5120K)
 Metaspace       used 44206K, committed 44480K, reserved 1114112K
  class space    used 5380K, committed 5504K, reserved 1048576K
}
Event: 16.237 GC heap before
{Heap before GC invocations=12 (full 0):
 garbage-first heap   total 89088K, used 65423K [0x000000008ac00000, 0x0000000100000000)
  region size 1024K, 33 young (33792K), 5 survivors (5120K)
 Metaspace       used 51123K, committed 51392K, reserved 1114112K
  class space    used 6311K, committed 6400K, reserved 1048576K
}
Event: 16.255 GC heap after
{Heap after GC invocations=13 (full 0):
 garbage-first heap   total 89088K, used 39831K [0x000000008ac00000, 0x0000000100000000)
  region size 1024K, 3 young (3072K), 3 survivors (3072K)
 Metaspace       used 51123K, committed 51392K, reserved 1114112K
  class space    used 6311K, committed 6400K, reserved 1048576K
}
Event: 17.830 GC heap before
{Heap before GC invocations=13 (full 0):
 garbage-first heap   total 89088K, used 67479K [0x000000008ac00000, 0x0000000100000000)
  region size 1024K, 30 young (30720K), 3 survivors (3072K)
 Metaspace       used 52317K, committed 52608K, reserved 1114112K
  class space    used 6383K, committed 6528K, reserved 1048576K
}
Event: 17.863 GC heap after
{Heap after GC invocations=14 (full 0):
 garbage-first heap   total 89088K, used 45900K [0x000000008ac00000, 0x0000000100000000)
  region size 1024K, 4 young (4096K), 4 survivors (4096K)
 Metaspace       used 52317K, committed 52608K, reserved 1114112K
  class space    used 6383K, committed 6528K, reserved 1048576K
}
Event: 18.994 GC heap before
{Heap before GC invocations=14 (full 0):
 garbage-first heap   total 89088K, used 67404K [0x000000008ac00000, 0x0000000100000000)
  region size 1024K, 25 young (25600K), 4 survivors (4096K)
 Metaspace       used 52487K, committed 52800K, reserved 1114112K
  class space    used 6385K, committed 6528K, reserved 1048576K
}
Event: 19.024 GC heap after
{Heap after GC invocations=15 (full 0):
 garbage-first heap   total 89088K, used 52605K [0x000000008ac00000, 0x0000000100000000)
  region size 1024K, 4 young (4096K), 4 survivors (4096K)
 Metaspace       used 52487K, committed 52800K, reserved 1114112K
  class space    used 6385K, committed 6528K, reserved 1048576K
}

Deoptimization events (20 events):
Event: 18.408 Thread 0x00000220123e61f0 Uncommon trap: trap_request=0xffffffde fr.pc=0x00000220219ee894 relative=0x0000000000001934
Event: 18.408 Thread 0x00000220123e61f0 Uncommon trap: reason=class_check action=maybe_recompile pc=0x00000220219ee894 method=org.jetbrains.org.objectweb.asm.ClassReader.readElementValue(Lorg/jetbrains/org/objectweb/asm/AnnotationVisitor;ILjava/lang/String;[C)I @ 593 c2
Event: 18.408 Thread 0x00000220123e61f0 DEOPT PACKING pc=0x00000220219ee894 sp=0x000000eb59ffa2c0
Event: 18.408 Thread 0x00000220123e61f0 DEOPT UNPACKING pc=0x00000220212c23a3 sp=0x000000eb59ffa230 mode 2
Event: 18.408 Thread 0x00000220123e61f0 Uncommon trap: trap_request=0xffffffde fr.pc=0x00000220219ee894 relative=0x0000000000001934
Event: 18.408 Thread 0x00000220123e61f0 Uncommon trap: reason=class_check action=maybe_recompile pc=0x00000220219ee894 method=org.jetbrains.org.objectweb.asm.ClassReader.readElementValue(Lorg/jetbrains/org/objectweb/asm/AnnotationVisitor;ILjava/lang/String;[C)I @ 593 c2
Event: 18.408 Thread 0x00000220123e61f0 DEOPT PACKING pc=0x00000220219ee894 sp=0x000000eb59ffa2c0
Event: 18.408 Thread 0x00000220123e61f0 DEOPT UNPACKING pc=0x00000220212c23a3 sp=0x000000eb59ffa230 mode 2
Event: 18.888 Thread 0x00000220123e61f0 Uncommon trap: trap_request=0xffffffde fr.pc=0x0000022021a59d28 relative=0x0000000000001ce8
Event: 18.888 Thread 0x00000220123e61f0 Uncommon trap: reason=class_check action=maybe_recompile pc=0x0000022021a59d28 method=org.jetbrains.kotlin.fir.scopes.impl.AbstractFirUseSiteMemberScope.processFunctionsByName(Lorg/jetbrains/kotlin/name/Name;Lkotlin/jvm/functions/Function1;)V @ 115 c2
Event: 18.888 Thread 0x00000220123e61f0 DEOPT PACKING pc=0x0000022021a59d28 sp=0x000000eb59ffdca0
Event: 18.888 Thread 0x00000220123e61f0 DEOPT UNPACKING pc=0x00000220212c23a3 sp=0x000000eb59ffdc68 mode 2
Event: 18.889 Thread 0x00000220123e61f0 Uncommon trap: trap_request=0xffffffde fr.pc=0x0000022021a59d28 relative=0x0000000000001ce8
Event: 18.889 Thread 0x00000220123e61f0 Uncommon trap: reason=class_check action=maybe_recompile pc=0x0000022021a59d28 method=org.jetbrains.kotlin.fir.scopes.impl.AbstractFirUseSiteMemberScope.processFunctionsByName(Lorg/jetbrains/kotlin/name/Name;Lkotlin/jvm/functions/Function1;)V @ 115 c2
Event: 18.889 Thread 0x00000220123e61f0 DEOPT PACKING pc=0x0000022021a59d28 sp=0x000000eb59ffe010
Event: 18.889 Thread 0x00000220123e61f0 DEOPT UNPACKING pc=0x00000220212c23a3 sp=0x000000eb59ffdff0 mode 2
Event: 19.396 Thread 0x00000220123e61f0 Uncommon trap: trap_request=0xffffff45 fr.pc=0x0000022021ac2758 relative=0x00000000000027d8
Event: 19.396 Thread 0x00000220123e61f0 Uncommon trap: reason=unstable_if action=reinterpret pc=0x0000022021ac2758 method=org.jetbrains.kotlin.fir.scopes.impl.FirClassDeclaredMemberScopeImpl.processFunctionsByName(Lorg/jetbrains/kotlin/name/Name;Lkotlin/jvm/functions/Function1;)V @ 19 c2
Event: 19.396 Thread 0x00000220123e61f0 DEOPT PACKING pc=0x0000022021ac2758 sp=0x000000eb59ffdfe0
Event: 19.396 Thread 0x00000220123e61f0 DEOPT UNPACKING pc=0x00000220212c23a3 sp=0x000000eb59ffde60 mode 2

Classes unloaded (0 events):
No events

Classes redefined (0 events):
No events

Internal exceptions (20 events):
Event: 9.474 Thread 0x00000220123e61f0 Implicit null exception at 0x00000220218ab98d to 0x00000220218abf08
Event: 11.109 Thread 0x00000220123e61f0 Exception <a 'java/lang/NoSuchMethodError'{0x00000000901e74c0}: 'java.lang.Object java.lang.invoke.DirectMethodHandle$Holder.newInvokeSpecial(java.lang.Object, java.lang.Object, java.lang.Object, java.lang.Object, java.lang.Object, java.lang.Object, java.lang.Object, java.lang.Object, java.lang.Object)'> (0x00000000901e74c0) 
thrown [s\open\src\hotspot\share\interpreter\linkResolver.cpp, line 759]
Event: 11.110 Thread 0x00000220123e61f0 Exception <a 'java/lang/NoSuchMethodError'{0x00000000901ecd80}: 'java.lang.Object java.lang.invoke.DirectMethodHandle$Holder.invokeSpecial(java.lang.Object, java.lang.Object, java.lang.Object, java.lang.Object, java.lang.Object, java.lang.Object, java.lang.Object, java.lang.Object, java.lang.Object, java.lang.Object)'> (0x00000000901ecd80) 
thrown [s\open\src\hotspot\share\interpreter\linkResolver.cpp, line 759]
Event: 11.111 Thread 0x00000220123e61f0 Exception <a 'java/lang/NoSuchMethodError'{0x00000000901f15f0}: 'java.lang.Object java.lang.invoke.Invokers$Holder.linkToTargetMethod(java.lang.Object, java.lang.Object, java.lang.Object, java.lang.Object, java.lang.Object, java.lang.Object, java.lang.Object, java.lang.Object, java.lang.Object)'> (0x00000000901f15f0) 
thrown [s\open\src\hotspot\share\interpreter\linkResolver.cpp, line 759]
Event: 11.284 Thread 0x00000220123e61f0 Exception <a 'java/lang/NoSuchMethodError'{0x000000008fc4eed8}: 'java.lang.Object java.lang.invoke.DirectMethodHandle$Holder.newInvokeSpecial(java.lang.Object, java.lang.Object, java.lang.Object, int)'> (0x000000008fc4eed8) 
thrown [s\open\src\hotspot\share\interpreter\linkResolver.cpp, line 759]
Event: 11.285 Thread 0x00000220123e61f0 Exception <a 'java/lang/NoSuchMethodError'{0x000000008fc532a0}: 'java.lang.Object java.lang.invoke.DirectMethodHandle$Holder.invokeSpecial(java.lang.Object, java.lang.Object, java.lang.Object, java.lang.Object, int)'> (0x000000008fc532a0) 
thrown [s\open\src\hotspot\share\interpreter\linkResolver.cpp, line 759]
Event: 11.286 Thread 0x00000220123e61f0 Exception <a 'java/lang/NoSuchMethodError'{0x000000008fc57110}: 'java.lang.Object java.lang.invoke.Invokers$Holder.linkToTargetMethod(java.lang.Object, java.lang.Object, int, java.lang.Object)'> (0x000000008fc57110) 
thrown [s\open\src\hotspot\share\interpreter\linkResolver.cpp, line 759]
Event: 11.294 Thread 0x00000220123e61f0 Exception <a 'java/lang/NoSuchMethodError'{0x000000008fc67740}: 'java.lang.Object java.lang.invoke.DirectMethodHandle$Holder.newInvokeSpecial(java.lang.Object, int, java.lang.Object)'> (0x000000008fc67740) 
thrown [s\open\src\hotspot\share\interpreter\linkResolver.cpp, line 759]
Event: 11.356 Thread 0x00000220123e61f0 Exception <a 'java/lang/NoSuchMethodError'{0x000000008d434fb0}: 'java.lang.Object java.lang.invoke.DirectMethodHandle$Holder.newInvokeSpecial(java.lang.Object, java.lang.Object, java.lang.Object, java.lang.Object, int, java.lang.Object, java.lang.Object)'> (0x000000008d434fb0) 
thrown [s\open\src\hotspot\share\interpreter\linkResolver.cpp, line 759]
Event: 11.361 Thread 0x00000220123e61f0 Exception <a 'java/lang/NoSuchMethodError'{0x000000008d43e850}: 'java.lang.Object java.lang.invoke.Invokers$Holder.linkToTargetMethod(java.lang.Object, java.lang.Object, java.lang.Object, int, java.lang.Object, java.lang.Object, java.lang.Object)'> (0x000000008d43e850) 
thrown [s\open\src\hotspot\share\interpreter\linkResolver.cpp, line 759]
Event: 12.846 Thread 0x00000220123e61f0 Exception <a 'java/lang/NoSuchMethodError'{0x000000008e2e62a8}: 'java.lang.Object java.lang.invoke.Invokers$Holder.invokeExact_MT(java.lang.Object, java.lang.Object, java.lang.Object, java.lang.Object, java.lang.Object, java.lang.Object)'> (0x000000008e2e62a8) 
thrown [s\open\src\hotspot\share\interpreter\linkResolver.cpp, line 759]
Event: 14.757 Thread 0x00000220123e61f0 Exception <a 'java/lang/NoSuchMethodError'{0x000000008fc6c518}: 'java.lang.Object java.lang.invoke.DirectMethodHandle$Holder.invokeStatic(java.lang.Object, java.lang.Object, java.lang.Object, java.lang.Object, int)'> (0x000000008fc6c518) 
thrown [s\open\src\hotspot\share\interpreter\linkResolver.cpp, line 759]
Event: 14.759 Thread 0x00000220123e61f0 Exception <a 'java/lang/NoSuchMethodError'{0x000000008fc764b8}: 'java.lang.Object java.lang.invoke.DirectMethodHandle$Holder.newInvokeSpecial(java.lang.Object, java.lang.Object, java.lang.Object, java.lang.Object, int)'> (0x000000008fc764b8) 
thrown [s\open\src\hotspot\share\interpreter\linkResolver.cpp, line 759]
Event: 14.760 Thread 0x00000220123e61f0 Exception <a 'java/lang/NoSuchMethodError'{0x000000008fc7b538}: 'java.lang.Object java.lang.invoke.DirectMethodHandle$Holder.invokeSpecial(java.lang.Object, java.lang.Object, java.lang.Object, java.lang.Object, java.lang.Object, int)'> (0x000000008fc7b538) 
thrown [s\open\src\hotspot\share\interpreter\linkResolver.cpp, line 759]
Event: 14.761 Thread 0x00000220123e61f0 Exception <a 'java/lang/NoSuchMethodError'{0x000000008fc7ff68}: 'java.lang.Object java.lang.invoke.Invokers$Holder.linkToTargetMethod(java.lang.Object, java.lang.Object, java.lang.Object, int, java.lang.Object)'> (0x000000008fc7ff68) 
thrown [s\open\src\hotspot\share\interpreter\linkResolver.cpp, line 759]
Event: 15.592 Thread 0x00000220123e61f0 Exception <a 'java/lang/NoSuchMethodError'{0x000000008ef24c58}: 'java.lang.Object java.lang.invoke.DirectMethodHandle$Holder.invokeSpecial(java.lang.Object, java.lang.Object, int, java.lang.Object, java.lang.Object)'> (0x000000008ef24c58) 
thrown [s\open\src\hotspot\share\interpreter\linkResolver.cpp, line 759]
Event: 16.462 Thread 0x00000220123e61f0 Exception <a 'java/lang/NoSuchMethodError'{0x00000000904c8ff0}: 'java.lang.Object java.lang.invoke.DirectMethodHandle$Holder.invokeSpecial(java.lang.Object, java.lang.Object, java.lang.Object, int, java.lang.Object, java.lang.Object, java.lang.Object)'> (0x00000000904c8ff0) 
thrown [s\open\src\hotspot\share\interpreter\linkResolver.cpp, line 759]
Event: 16.463 Thread 0x00000220123e61f0 Exception <a 'java/lang/NoSuchMethodError'{0x00000000904cc8d0}: 'java.lang.Object java.lang.invoke.Invokers$Holder.linkToTargetMethod(java.lang.Object, int, java.lang.Object, java.lang.Object, java.lang.Object, java.lang.Object)'> (0x00000000904cc8d0) 
thrown [s\open\src\hotspot\share\interpreter\linkResolver.cpp, line 759]
Event: 17.324 Thread 0x00000220123e61f0 Exception <a 'java/lang/NoSuchMethodError'{0x000000008ed552c0}: 'java.lang.Object java.lang.invoke.DirectMethodHandle$Holder.newInvokeSpecial(java.lang.Object, java.lang.Object, java.lang.Object, java.lang.Object, java.lang.Object, java.lang.Object, int)'> (0x000000008ed552c0) 
thrown [s\open\src\hotspot\share\interpreter\linkResolver.cpp, line 759]
Event: 17.325 Thread 0x00000220123e61f0 Exception <a 'java/lang/NoSuchMethodError'{0x000000008ed5a518}: 'java.lang.Object java.lang.invoke.DirectMethodHandle$Holder.invokeSpecial(java.lang.Object, java.lang.Object, java.lang.Object, java.lang.Object, java.lang.Object, java.lang.Object, java.lang.Object, int)'> (0x000000008ed5a518) 
thrown [s\open\src\hotspot\share\interpreter\linkResolver.cpp, line 759]

VM Operations (20 events):
Event: 16.687 Executing VM operation: HandshakeAllThreads
Event: 16.687 Executing VM operation: HandshakeAllThreads done
Event: 16.702 Executing VM operation: ICBufferFull
Event: 16.702 Executing VM operation: ICBufferFull done
Event: 17.159 Executing VM operation: ICBufferFull
Event: 17.159 Executing VM operation: ICBufferFull done
Event: 17.735 Executing VM operation: ICBufferFull
Event: 17.735 Executing VM operation: ICBufferFull done
Event: 17.830 Executing VM operation: G1CollectForAllocation
Event: 17.863 Executing VM operation: G1CollectForAllocation done
Event: 18.332 Executing VM operation: ICBufferFull
Event: 18.333 Executing VM operation: ICBufferFull done
Event: 18.994 Executing VM operation: G1CollectForAllocation
Event: 19.025 Executing VM operation: G1CollectForAllocation done
Event: 19.064 Executing VM operation: G1Concurrent
Event: 19.079 Executing VM operation: G1Concurrent done
Event: 19.096 Executing VM operation: G1Concurrent
Event: 19.099 Executing VM operation: G1Concurrent done
Event: 20.100 Executing VM operation: Cleanup
Event: 20.101 Executing VM operation: Cleanup done

Events (20 events):
Event: 14.385 loading class java/util/stream/LongStream
Event: 14.397 loading class java/util/stream/LongStream done
Event: 14.397 loading class java/util/stream/DoubleStream
Event: 14.402 loading class java/util/stream/DoubleStream done
Event: 14.494 loading class java/util/AbstractList$SubList$1
Event: 14.495 loading class java/util/AbstractList$SubList$1 done
Event: 14.727 Thread 0x00000220769460a0 Thread added: 0x00000220769460a0
Event: 14.734 loading class java/util/RegularEnumSet$EnumSetIterator
Event: 14.735 loading class java/util/RegularEnumSet$EnumSetIterator done
Event: 14.851 Thread 0x00000220769460a0 Thread exited: 0x00000220769460a0
Event: 14.969 Thread 0x00000220769485d0 Thread added: 0x00000220769485d0
Event: 15.233 Thread 0x0000022076947090 Thread added: 0x0000022076947090
Event: 15.911 Thread 0x0000022076947090 Thread exited: 0x0000022076947090
Event: 15.912 Thread 0x00000220769485d0 Thread exited: 0x00000220769485d0
Event: 16.097 loading class java/text/MessageFormat
Event: 16.099 loading class java/text/MessageFormat done
Event: 16.169 loading class java/text/ChoiceFormat
Event: 16.170 loading class java/text/ChoiceFormat done
Event: 16.524 Thread 0x0000022076947090 Thread added: 0x0000022076947090
Event: 16.840 Thread 0x0000022076948080 Thread added: 0x0000022076948080


Dynamic libraries:
0x00007ff7a5670000 - 0x00007ff7a5680000 	C:\Program Files\Java\jdk-17\bin\java.exe
0x00007ff80bbc0000 - 0x00007ff80be23000 	C:\WINDOWS\SYSTEM32\ntdll.dll
0x00007ff80a080000 - 0x00007ff80a148000 	C:\WINDOWS\System32\KERNEL32.DLL
0x00007ff808fc0000 - 0x00007ff809372000 	C:\WINDOWS\System32\KERNELBASE.dll
0x00007ff809590000 - 0x00007ff8096db000 	C:\WINDOWS\System32\ucrtbase.dll
0x00007fffc8a60000 - 0x00007fffc8a79000 	C:\Program Files\Java\jdk-17\bin\jli.dll
0x00007fffcb980000 - 0x00007fffcb99b000 	C:\Program Files\Java\jdk-17\bin\VCRUNTIME140.dll
0x00007ff80a150000 - 0x00007ff80a204000 	C:\WINDOWS\System32\ADVAPI32.dll
0x00007ff80a270000 - 0x00007ff80a319000 	C:\WINDOWS\System32\msvcrt.dll
0x00007ff80b0d0000 - 0x00007ff80b176000 	C:\WINDOWS\System32\sechost.dll
0x00007ff80b9f0000 - 0x00007ff80bb06000 	C:\WINDOWS\System32\RPCRT4.dll
0x00007ff80a3b0000 - 0x00007ff80a578000 	C:\WINDOWS\System32\USER32.dll
0x00007ff808f90000 - 0x00007ff808fb7000 	C:\WINDOWS\System32\win32u.dll
0x00007ff80a380000 - 0x00007ff80a3aa000 	C:\WINDOWS\System32\GDI32.dll
0x00007ff8097a0000 - 0x00007ff8098cb000 	C:\WINDOWS\System32\gdi32full.dll
0x00007ff809970000 - 0x00007ff809a13000 	C:\WINDOWS\System32\msvcp_win.dll
0x00007fffec580000 - 0x00007fffec810000 	C:\WINDOWS\WinSxS\amd64_microsoft.windows.common-controls_6595b64144ccf1df_6.0.26100.2454_none_3e0b68a2e331ad60\COMCTL32.dll
0x00007ff802a10000 - 0x00007ff802a1b000 	C:\WINDOWS\SYSTEM32\VERSION.dll
0x00007ff80bb40000 - 0x00007ff80bb6f000 	C:\WINDOWS\System32\IMM32.DLL
0x00007fffd7630000 - 0x00007fffd763c000 	C:\Program Files\Java\jdk-17\bin\vcruntime140_1.dll
0x00007fff65910000 - 0x00007fff6599e000 	C:\Program Files\Java\jdk-17\bin\msvcp140.dll
0x00007fff64d30000 - 0x00007fff65910000 	C:\Program Files\Java\jdk-17\bin\server\jvm.dll
0x00007ff80bb30000 - 0x00007ff80bb38000 	C:\WINDOWS\System32\PSAPI.DLL
0x00007fffd4880000 - 0x00007fffd488a000 	C:\WINDOWS\SYSTEM32\WSOCK32.dll
0x00007ff80b270000 - 0x00007ff80b2e4000 	C:\WINDOWS\System32\WS2_32.dll
0x00007ff8029d0000 - 0x00007ff802a06000 	C:\WINDOWS\SYSTEM32\WINMM.dll
0x00007ff807dd0000 - 0x00007ff807dea000 	C:\WINDOWS\SYSTEM32\kernel.appcore.dll
0x00007fffd3450000 - 0x00007fffd345a000 	C:\Program Files\Java\jdk-17\bin\jimage.dll
0x00007ffffd060000 - 0x00007ffffd2a1000 	C:\WINDOWS\SYSTEM32\DBGHELP.DLL
0x00007ff809b90000 - 0x00007ff809f0e000 	C:\WINDOWS\System32\combase.dll
0x00007ff80ac90000 - 0x00007ff80ad66000 	C:\WINDOWS\System32\OLEAUT32.dll
0x00007fffecb00000 - 0x00007fffecb39000 	C:\WINDOWS\SYSTEM32\dbgcore.DLL
0x00007ff8098d0000 - 0x00007ff809969000 	C:\WINDOWS\System32\bcryptPrimitives.dll
0x00007fff97920000 - 0x00007fff97945000 	C:\Program Files\Java\jdk-17\bin\java.dll
0x00007fff64c50000 - 0x00007fff64d27000 	C:\Program Files\Java\jdk-17\bin\jsvml.dll
0x00007ff80a580000 - 0x00007ff80ac81000 	C:\WINDOWS\System32\SHELL32.dll
0x00007ff806c80000 - 0x00007ff8074b1000 	C:\WINDOWS\SYSTEM32\windows.storage.dll
0x00007ff809a20000 - 0x00007ff809afa000 	C:\WINDOWS\System32\SHCORE.dll
0x00007ff80b990000 - 0x00007ff80b9ed000 	C:\WINDOWS\System32\shlwapi.dll
0x00007ff808ea0000 - 0x00007ff808ece000 	C:\WINDOWS\SYSTEM32\profapi.dll
0x00007fffbefd0000 - 0x00007fffbefe9000 	C:\Program Files\Java\jdk-17\bin\net.dll
0x00007fffff4e0000 - 0x00007fffff606000 	C:\WINDOWS\SYSTEM32\WINHTTP.dll
0x00007ff8082d0000 - 0x00007ff808338000 	C:\WINDOWS\system32\mswsock.dll
0x00007fffbee50000 - 0x00007fffbee66000 	C:\Program Files\Java\jdk-17\bin\nio.dll
0x00007fffa1f20000 - 0x00007fffa1f38000 	C:\Program Files\Java\jdk-17\bin\zip.dll
0x00007fffcc660000 - 0x00007fffcc670000 	C:\Program Files\Java\jdk-17\bin\verify.dll

dbghelp: loaded successfully - version: 4.0.5 - missing functions: none
symbol engine: initialized successfully - sym options: 0x614 - pdb path: .;C:\Program Files\Java\jdk-17\bin;C:\WINDOWS\SYSTEM32;C:\WINDOWS\WinSxS\amd64_microsoft.windows.common-controls_6595b64144ccf1df_6.0.26100.2454_none_3e0b68a2e331ad60;C:\Program Files\Java\jdk-17\bin\server

VM Arguments:
java_command: org.jetbrains.kotlin.cli.jvm.K2JVMCompiler @C:\Nandha\Ecom360\android\app\build\20250205_11763069278725165141.compiler.options
java_class_path (initial): C:\Users\nitis\.gradle\caches\modules-2\files-2.1\org.jetbrains.kotlin\kotlin-compiler-embeddable\2.0.21\79346ed53db48b18312a472602eb5c057070c54d\kotlin-compiler-embeddable-2.0.21.jar;C:\Users\nitis\.gradle\caches\modules-2\files-2.1\org.jetbrains.kotlin\kotlin-stdlib\2.0.21\618b539767b4899b4660a83006e052b63f1db551\kotlin-stdlib-2.0.21.jar;C:\Users\nitis\.gradle\caches\modules-2\files-2.1\org.jetbrains.kotlin\kotlin-script-runtime\2.0.21\c9b044380ad41f89aa89aa896c2d32a8c0b2129d\kotlin-script-runtime-2.0.21.jar;C:\Users\nitis\.gradle\caches\modules-2\files-2.1\org.jetbrains.kotlin\kotlin-reflect\1.6.10\1cbe9c92c12a94eea200d23c2bbaedaf3daf5132\kotlin-reflect-1.6.10.jar;C:\Users\nitis\.gradle\caches\modules-2\files-2.1\org.jetbrains.kotlin\kotlin-daemon-embeddable\2.0.21\c9e933b23287de9b5a17e2116b4657bb91aea72c\kotlin-daemon-embeddable-2.0.21.jar;C:\Users\nitis\.gradle\caches\modules-2\files-2.1\org.jetbrains.intellij.deps\trove4j\1.0.20200330\3afb14d5f9ceb459d724e907a21145e8ff394f02\trove4j-1.0.20200330.jar;C:\Users\nitis\.gradle\caches\modules-2\files-2.1\org.jetbrains.kotlinx\kotlinx-coroutines-core-jvm\1.6.4\2c997cd1c0ef33f3e751d3831929aeff1390cb30\kotlinx-coroutines-core-jvm-1.6.4.jar;C:\Users\nitis\.gradle\caches\modules-2\files-2.1\org.jetbrains\annotations\13.0\919f0dfe192fb4e063e7dacadee7f8bb9a2672a9\annotations-13.0.jar
Launcher Type: SUN_STANDARD

[Global flags]
     intx CICompilerCount                          = 4                                         {product} {ergonomic}
     uint ConcGCThreads                            = 3                                         {product} {ergonomic}
     uint G1ConcRefinementThreads                  = 10                                        {product} {ergonomic}
   size_t G1HeapRegionSize                         = 1048576                                   {product} {ergonomic}
    uintx GCDrainStackTargetSize                   = 64                                        {product} {ergonomic}
   size_t InitialHeapSize                          = 123731968                                 {product} {ergonomic}
   size_t MarkStackSize                            = 4194304                                   {product} {ergonomic}
   size_t MaxHeapSize                              = 1967128576                                {product} {ergonomic}
   size_t MaxNewSize                               = 1179648000                                {product} {ergonomic}
   size_t MinHeapDeltaBytes                        = 1048576                                   {product} {ergonomic}
   size_t MinHeapSize                              = 8388608                                   {product} {ergonomic}
    uintx NonNMethodCodeHeapSize                   = 5839372                                {pd product} {ergonomic}
    uintx NonProfiledCodeHeapSize                  = 122909434                              {pd product} {ergonomic}
    uintx ProfiledCodeHeapSize                     = 122909434                              {pd product} {ergonomic}
    uintx ReservedCodeCacheSize                    = 251658240                              {pd product} {ergonomic}
     bool SegmentedCodeCache                       = true                                      {product} {ergonomic}
   size_t SoftMaxHeapSize                          = 1967128576                             {manageable} {ergonomic}
     bool UseCompressedClassPointers               = true                           {product lp64_product} {ergonomic}
     bool UseCompressedOops                        = true                           {product lp64_product} {ergonomic}
     bool UseG1GC                                  = true                                      {product} {ergonomic}
     bool UseLargePagesIndividualAllocation        = false                                  {pd product} {ergonomic}

Logging:
Log output configuration:
 #0: stdout all=warning uptime,level,tags
 #1: stderr all=off uptime,level,tags

Environment Variables:
JAVA_HOME=C:\Program Files\Java\jdk-17
CLASSPATH=C:\Nandha\Ecom360\android\\gradle\wrapper\gradle-wrapper.jar
PATH=C:\Nandha\Ecom360\node_modules\.bin;C:\Nandha\Ecom360\node_modules\.bin;C:\Nandha\node_modules\.bin;C:\node_modules\.bin;C:\Users\nitis\AppData\Roaming\npm\node_modules\npm\node_modules\@npmcli\run-script\lib\node-gyp-bin;C:\Program Files\Common Files\Oracle\Java\javapath;C:\WINDOWS\system32;C:\WINDOWS;C:\WINDOWS\System32\Wbem;C:\WINDOWS\System32\WindowsPowerShell\v1.0\;C:\WINDOWS\System32\OpenSSH\;C:\Program Files\nodejs\;C:\Program Files\Git\cmd;C:\Program Files\Git\bin;;C:\Users\nitis\AppData\Local\Microsoft\WindowsApps;C:\Users\nitis\AppData\Roaming\npm;C:\Users\nitis\AppData\Local\Programs\Microsoft VS Code\bin
USERNAME=nitis
LANG=en_US.UTF-8
OS=Windows_NT
PROCESSOR_IDENTIFIER=AMD64 Family 23 Model 104 Stepping 1, AuthenticAMD



---------------  S Y S T E M  ---------------

OS:
 Windows 11 , 64 bit Build 26100 (10.0.26100.2454)
OS uptime: 0 days 4:18 hours
Hyper-V role detected

CPU: total 12 (initial active 12) (12 cores per cpu, 2 threads per core) family 23 model 104 stepping 1 microcode 0x8608107, cx8, cmov, fxsr, ht, mmx, 3dnowpref, sse, sse2, sse3, ssse3, sse4a, sse4.1, sse4.2, popcnt, lzcnt, tsc, tscinvbit, avx, avx2, aes, clmul, bmi1, bmi2, adx, sha, fma, vzeroupper, clflush, clflushopt, hv

Memory: 4k page, system-wide physical 7501M (1183M free)
TotalPageFile size 30029M (AvailPageFile size 0M)
current process WorkingSet (physical memory assigned to process): 233M, peak: 238M
current process commit charge ("private bytes"): 299M, peak: 309M

vm_info: Java HotSpot(TM) 64-Bit Server VM (17.0.12+8-LTS-286) for windows-amd64 JRE (17.0.12+8-LTS-286), built on Jun  5 2024 06:46:59 by "mach5one" with MS VC++ 17.6 (VS2022)

END.
