#
# There is insufficient memory for the Java Runtime Environment to continue.
# Native memory allocation (malloc) failed to allocate 506496 bytes for Chunk::new
# Possible reasons:
#   The system is out of physical RAM or swap space
#   The process is running with CompressedOops enabled, and the Java Heap may be blocking the growth of the native heap
# Possible solutions:
#   Reduce memory load on the system
#   Increase physical memory or swap space
#   Check if swap backing store is full
#   Decrease Java heap size (-Xmx/-Xms)
#   Decrease number of Java threads
#   Decrease Java thread stack sizes (-Xss)
#   Set larger code cache with -XX:ReservedCodeCacheSize=
#   JVM is running with Unscaled Compressed Oops mode in which the Java heap is
#     placed in the first 4GB address space. The Java Heap base address is the
#     maximum limit for the native heap growth. Please use -XX:HeapBaseMinAddress
#     to set the Java Heap base and to place the Java Heap above 4GB virtual address.
# This output file may be truncated or incomplete.
#
#  Out of Memory Error (arena.cpp:189), pid=10400, tid=19448
#
# JRE version: Java(TM) SE Runtime Environment (17.0.12+8) (build 17.0.12+8-LTS-286)
# Java VM: Java HotSpot(TM) 64-Bit Server VM (17.0.12+8-LTS-286, mixed mode, sharing, tiered, compressed oops, compressed class ptrs, g1 gc, windows-amd64)
# No core dump will be written. Minidumps are not enabled by default on client versions of Windows
#

---------------  S U M M A R Y ------------

Command Line: org.jetbrains.kotlin.cli.jvm.K2JVMCompiler @C:\Nandha\Ecom360\android\app\build\20250205_6864414728691023977.compiler.options

Host: AMD Ryzen 5 5500U with Radeon Graphics         , 12 cores, 7G,  Windows 11 , 64 bit Build 26100 (10.0.26100.2454)
Time: Wed Feb  5 17:35:10 2025 India Standard Time elapsed time: 10.724140 seconds (0d 0h 0m 10s)

---------------  T H R E A D  ---------------

Current thread (0x000002345e4a8f70):  JavaThread "C2 CompilerThread0" daemon [_thread_in_native, id=19448, stack(0x00000057b9d00000,0x00000057b9e00000)]


Current CompileTask:
C2:  10724 2912   !   4       java.net.URL::<init> (543 bytes)

Stack: [0x00000057b9d00000,0x00000057b9e00000]
Native frames: (J=compiled Java code, j=interpreted, Vv=VM code, C=native code)
V  [jvm.dll+0x67a04a]
V  [jvm.dll+0x7da4ed]
V  [jvm.dll+0x7dbe33]
V  [jvm.dll+0x7dc4a3]
V  [jvm.dll+0x24508f]
V  [jvm.dll+0xab773]
V  [jvm.dll+0xabd3c]
V  [jvm.dll+0x2aa52f]
V  [jvm.dll+0x581eb9]
V  [jvm.dll+0x21f422]
V  [jvm.dll+0x21f81f]
V  [jvm.dll+0x218aa0]
V  [jvm.dll+0x215b65]
V  [jvm.dll+0x1a2960]
V  [jvm.dll+0x22610b]
V  [jvm.dll+0x2242ab]
V  [jvm.dll+0x79075c]
V  [jvm.dll+0x78abea]
V  [jvm.dll+0x678f35]
C  [ucrtbase.dll+0x14ea0]
C  [KERNEL32.DLL+0x2e8d7]
C  [ntdll.dll+0xdfbcc]


---------------  P R O C E S S  ---------------

Threads class SMR info:
_java_thread_list=0x00000234a4c7de80, length=12, elements={
0x000002343e472fb0, 0x000002345e489c80, 0x000002345e48e660, 0x000002345e4a5150,
0x000002345e4a5a20, 0x000002345e4a7300, 0x000002345e4a7bd0, 0x000002345e4a8f70,
0x000002345e4af950, 0x000002345e4b7780, 0x000002345e6f3760, 0x000002345e6fc310
}

Java Threads: ( => current thread )
  0x000002343e472fb0 JavaThread "main" [_thread_in_Java, id=8304, stack(0x00000057b9000000,0x00000057b9100000)]
  0x000002345e489c80 JavaThread "Reference Handler" daemon [_thread_blocked, id=18888, stack(0x00000057b9700000,0x00000057b9800000)]
  0x000002345e48e660 JavaThread "Finalizer" daemon [_thread_blocked, id=11792, stack(0x00000057b9800000,0x00000057b9900000)]
  0x000002345e4a5150 JavaThread "Signal Dispatcher" daemon [_thread_blocked, id=2852, stack(0x00000057b9900000,0x00000057b9a00000)]
  0x000002345e4a5a20 JavaThread "Attach Listener" daemon [_thread_blocked, id=13352, stack(0x00000057b9a00000,0x00000057b9b00000)]
  0x000002345e4a7300 JavaThread "Service Thread" daemon [_thread_blocked, id=6920, stack(0x00000057b9b00000,0x00000057b9c00000)]
  0x000002345e4a7bd0 JavaThread "Monitor Deflation Thread" daemon [_thread_blocked, id=16316, stack(0x00000057b9c00000,0x00000057b9d00000)]
=>0x000002345e4a8f70 JavaThread "C2 CompilerThread0" daemon [_thread_in_native, id=19448, stack(0x00000057b9d00000,0x00000057b9e00000)]
  0x000002345e4af950 JavaThread "C1 CompilerThread0" daemon [_thread_blocked, id=21420, stack(0x00000057b9e00000,0x00000057b9f00000)]
  0x000002345e4b7780 JavaThread "Sweeper thread" daemon [_thread_blocked, id=3240, stack(0x00000057b9f00000,0x00000057ba000000)]
  0x000002345e6f3760 JavaThread "Notification Thread" daemon [_thread_blocked, id=10972, stack(0x00000057ba000000,0x00000057ba100000)]
  0x000002345e6fc310 JavaThread "Common-Cleaner" daemon [_thread_blocked, id=19980, stack(0x00000057ba200000,0x00000057ba300000)]

Other Threads:
  0x000002345e485a40 VMThread "VM Thread" [stack: 0x00000057b9600000,0x00000057b9700000] [id=12560]
  0x000002345e6f8070 WatcherThread [stack: 0x00000057ba100000,0x00000057ba200000] [id=5288]
  0x000002343e4c9430 GCTaskThread "GC Thread#0" [stack: 0x00000057b9100000,0x00000057b9200000] [id=19380]
  0x00000234a4225920 GCTaskThread "GC Thread#1" [stack: 0x00000057ba400000,0x00000057ba500000] [id=13640]
  0x00000234a4265250 GCTaskThread "GC Thread#2" [stack: 0x00000057ba500000,0x00000057ba600000] [id=20556]
  0x00000234a4265510 GCTaskThread "GC Thread#3" [stack: 0x00000057ba600000,0x00000057ba700000] [id=13920]
  0x00000234a42657d0 GCTaskThread "GC Thread#4" [stack: 0x00000057ba700000,0x00000057ba800000] [id=4476]
  0x00000234a4724df0 GCTaskThread "GC Thread#5" [stack: 0x00000057ba300000,0x00000057ba400000] [id=16676]
  0x00000234a474d810 GCTaskThread "GC Thread#6" [stack: 0x00000057ba800000,0x00000057ba900000] [id=10276]
  0x00000234a474dad0 GCTaskThread "GC Thread#7" [stack: 0x00000057ba900000,0x00000057baa00000] [id=16536]
  0x00000234a4e583e0 GCTaskThread "GC Thread#8" [stack: 0x00000057bab00000,0x00000057bac00000] [id=8856]
  0x00000234a4e578e0 GCTaskThread "GC Thread#9" [stack: 0x00000057bac00000,0x00000057bad00000] [id=11592]
  0x000002343e4dbaf0 ConcurrentGCThread "G1 Main Marker" [stack: 0x00000057b9200000,0x00000057b9300000] [id=3188]
  0x000002343e4dd3b0 ConcurrentGCThread "G1 Conc#0" [stack: 0x00000057b9300000,0x00000057b9400000] [id=9188]
  0x00000234a4e570a0 ConcurrentGCThread "G1 Conc#1" [stack: 0x00000057bad00000,0x00000057bae00000] [id=16460]
  0x00000234a4e58120 ConcurrentGCThread "G1 Conc#2" [stack: 0x00000057bae00000,0x00000057baf00000] [id=18168]
  0x000002343e53eb60 ConcurrentGCThread "G1 Refine#0" [stack: 0x00000057b9400000,0x00000057b9500000] [id=14144]
  0x00000234a4a2a8d0 ConcurrentGCThread "G1 Refine#1" [stack: 0x00000057baa00000,0x00000057bab00000] [id=3040]
  0x00000234a4a29a20 ConcurrentGCThread "G1 Refine#2" [stack: 0x00000057baf00000,0x00000057bb000000] [id=8380]
  0x000002345e3325a0 ConcurrentGCThread "G1 Service" [stack: 0x00000057b9500000,0x00000057b9600000] [id=8272]

Threads with active compile tasks:
C2 CompilerThread0    10776 2912   !   4       java.net.URL::<init> (543 bytes)

VM state: not at safepoint (normal execution)

VM Mutex/Monitor currently owned by a thread: None

Heap address: 0x000000008ac00000, size: 1876 MB, Compressed Oops mode: 32-bit

CDS archive(s) mapped at: [0x000002345f000000-0x000002345fbd0000-0x000002345fbd0000), size 12386304, SharedBaseAddress: 0x000002345f000000, ArchiveRelocationMode: 1.
Compressed class space mapped at: 0x0000023460000000-0x00000234a0000000, reserved size: 1073741824
Narrow klass base: 0x000002345f000000, Narrow klass shift: 0, Narrow klass range: 0x100000000

GC Precious Log:
 CPUs: 12 total, 12 available
 Memory: 7501M
 Large Page Support: Disabled
 NUMA Support: Disabled
 Compressed Oops: Enabled (32-bit)
 Heap Region Size: 1M
 Heap Min Capacity: 8M
 Heap Initial Capacity: 118M
 Heap Max Capacity: 1876M
 Pre-touch: Disabled
 Parallel Workers: 10
 Concurrent Workers: 3
 Concurrent Refinement Workers: 10
 Periodic GC: Disabled

Heap:
 garbage-first heap   total 64512K, used 32120K [0x000000008ac00000, 0x0000000100000000)
  region size 1024K, 11 young (11264K), 1 survivors (1024K)
 Metaspace       used 40122K, committed 40448K, reserved 1114112K
  class space    used 4896K, committed 5056K, reserved 1048576K

Heap Regions: E=young(eden), S=young(survivor), O=old, HS=humongous(starts), HC=humongous(continues), CS=collection set, F=free, OA=open archive, CA=closed archive, TAMS=top-at-mark-start (previous, next)
|   0|0x000000008ac00000, 0x000000008ad00000, 0x000000008ad00000|100%|HS|  |TAMS 0x000000008ad00000, 0x000000008ac00000| Complete 
|   1|0x000000008ad00000, 0x000000008ae00000, 0x000000008ae00000|100%|HC|  |TAMS 0x000000008ae00000, 0x000000008ad00000| Complete 
|   2|0x000000008ae00000, 0x000000008af00000, 0x000000008af00000|100%|HC|  |TAMS 0x000000008af00000, 0x000000008ae00000| Complete 
|   3|0x000000008af00000, 0x000000008b000000, 0x000000008b000000|100%| O|  |TAMS 0x000000008b000000, 0x000000008af00000| Untracked 
|   4|0x000000008b000000, 0x000000008b100000, 0x000000008b100000|100%| O|  |TAMS 0x000000008b100000, 0x000000008b000000| Untracked 
|   5|0x000000008b100000, 0x000000008b1e4600, 0x000000008b200000| 89%| O|  |TAMS 0x000000008b1e4600, 0x000000008b100000| Untracked 
|   6|0x000000008b200000, 0x000000008b300000, 0x000000008b300000|100%| O|  |TAMS 0x000000008b300000, 0x000000008b200000| Untracked 
|   7|0x000000008b300000, 0x000000008b400000, 0x000000008b400000|100%| O|  |TAMS 0x000000008b400000, 0x000000008b300000| Untracked 
|   8|0x000000008b400000, 0x000000008b500000, 0x000000008b500000|100%| O|  |TAMS 0x000000008b500000, 0x000000008b400000| Untracked 
|   9|0x000000008b500000, 0x000000008b600000, 0x000000008b600000|100%| O|  |TAMS 0x000000008b600000, 0x000000008b500000| Untracked 
|  10|0x000000008b600000, 0x000000008b700000, 0x000000008b700000|100%| O|  |TAMS 0x000000008b700000, 0x000000008b600000| Untracked 
|  11|0x000000008b700000, 0x000000008b800000, 0x000000008b800000|100%| O|  |TAMS 0x000000008b800000, 0x000000008b700000| Untracked 
|  12|0x000000008b800000, 0x000000008b900000, 0x000000008b900000|100%| O|  |TAMS 0x000000008b900000, 0x000000008b800000| Untracked 
|  13|0x000000008b900000, 0x000000008ba00000, 0x000000008ba00000|100%| O|  |TAMS 0x000000008b900000, 0x000000008b900000| Untracked 
|  14|0x000000008ba00000, 0x000000008bb00000, 0x000000008bb00000|100%| O|  |TAMS 0x000000008ba00000, 0x000000008ba00000| Untracked 
|  15|0x000000008bb00000, 0x000000008bc00000, 0x000000008bc00000|100%| O|  |TAMS 0x000000008bc00000, 0x000000008bb00000| Untracked 
|  16|0x000000008bc00000, 0x000000008bc00000, 0x000000008bd00000|  0%| F|  |TAMS 0x000000008bc00000, 0x000000008bc00000| Untracked 
|  17|0x000000008bd00000, 0x000000008be00000, 0x000000008be00000|100%| O|  |TAMS 0x000000008bd00000, 0x000000008bd00000| Untracked 
|  18|0x000000008be00000, 0x000000008bf00000, 0x000000008bf00000|100%| O|  |TAMS 0x000000008be00000, 0x000000008be00000| Untracked 
|  19|0x000000008bf00000, 0x000000008c000000, 0x000000008c000000|100%| O|  |TAMS 0x000000008bf00000, 0x000000008bf00000| Untracked 
|  20|0x000000008c000000, 0x000000008c100000, 0x000000008c100000|100%| O|  |TAMS 0x000000008c000000, 0x000000008c000000| Untracked 
|  21|0x000000008c100000, 0x000000008c200000, 0x000000008c200000|100%| O|  |TAMS 0x000000008c100000, 0x000000008c100000| Untracked 
|  22|0x000000008c200000, 0x000000008c2fa600, 0x000000008c300000| 97%| O|  |TAMS 0x000000008c200000, 0x000000008c200000| Untracked 
|  23|0x000000008c300000, 0x000000008c300000, 0x000000008c400000|  0%| F|  |TAMS 0x000000008c300000, 0x000000008c300000| Untracked 
|  24|0x000000008c400000, 0x000000008c400000, 0x000000008c500000|  0%| F|  |TAMS 0x000000008c400000, 0x000000008c400000| Untracked 
|  25|0x000000008c500000, 0x000000008c500000, 0x000000008c600000|  0%| F|  |TAMS 0x000000008c500000, 0x000000008c500000| Untracked 
|  26|0x000000008c600000, 0x000000008c600000, 0x000000008c700000|  0%| F|  |TAMS 0x000000008c600000, 0x000000008c600000| Untracked 
|  27|0x000000008c700000, 0x000000008c700000, 0x000000008c800000|  0%| F|  |TAMS 0x000000008c700000, 0x000000008c700000| Untracked 
|  28|0x000000008c800000, 0x000000008c800000, 0x000000008c900000|  0%| F|  |TAMS 0x000000008c800000, 0x000000008c800000| Untracked 
|  29|0x000000008c900000, 0x000000008c900000, 0x000000008ca00000|  0%| F|  |TAMS 0x000000008c900000, 0x000000008c900000| Untracked 
|  30|0x000000008ca00000, 0x000000008ca00000, 0x000000008cb00000|  0%| F|  |TAMS 0x000000008ca00000, 0x000000008ca00000| Untracked 
|  31|0x000000008cb00000, 0x000000008cb00000, 0x000000008cc00000|  0%| F|  |TAMS 0x000000008cb00000, 0x000000008cb00000| Untracked 
|  32|0x000000008cc00000, 0x000000008cc00000, 0x000000008cd00000|  0%| F|  |TAMS 0x000000008cc00000, 0x000000008cc00000| Untracked 
|  33|0x000000008cd00000, 0x000000008cd00000, 0x000000008ce00000|  0%| F|  |TAMS 0x000000008cd00000, 0x000000008cd00000| Untracked 
|  34|0x000000008ce00000, 0x000000008ce00000, 0x000000008cf00000|  0%| F|  |TAMS 0x000000008ce00000, 0x000000008ce00000| Untracked 
|  35|0x000000008cf00000, 0x000000008cf00000, 0x000000008d000000|  0%| F|  |TAMS 0x000000008cf00000, 0x000000008cf00000| Untracked 
|  36|0x000000008d000000, 0x000000008d000000, 0x000000008d100000|  0%| F|  |TAMS 0x000000008d000000, 0x000000008d000000| Untracked 
|  37|0x000000008d100000, 0x000000008d100000, 0x000000008d200000|  0%| F|  |TAMS 0x000000008d100000, 0x000000008d100000| Untracked 
|  38|0x000000008d200000, 0x000000008d200000, 0x000000008d300000|  0%| F|  |TAMS 0x000000008d200000, 0x000000008d200000| Untracked 
|  39|0x000000008d300000, 0x000000008d300000, 0x000000008d400000|  0%| F|  |TAMS 0x000000008d300000, 0x000000008d300000| Untracked 
|  40|0x000000008d400000, 0x000000008d400000, 0x000000008d500000|  0%| F|  |TAMS 0x000000008d400000, 0x000000008d400000| Untracked 
|  41|0x000000008d500000, 0x000000008d500000, 0x000000008d600000|  0%| F|  |TAMS 0x000000008d500000, 0x000000008d500000| Untracked 
|  42|0x000000008d600000, 0x000000008d600000, 0x000000008d700000|  0%| F|  |TAMS 0x000000008d600000, 0x000000008d600000| Untracked 
|  43|0x000000008d700000, 0x000000008d700000, 0x000000008d800000|  0%| F|  |TAMS 0x000000008d700000, 0x000000008d700000| Untracked 
|  44|0x000000008d800000, 0x000000008d800000, 0x000000008d900000|  0%| F|  |TAMS 0x000000008d800000, 0x000000008d800000| Untracked 
|  45|0x000000008d900000, 0x000000008d900000, 0x000000008da00000|  0%| F|  |TAMS 0x000000008d900000, 0x000000008d900000| Untracked 
|  46|0x000000008da00000, 0x000000008da00000, 0x000000008db00000|  0%| F|  |TAMS 0x000000008da00000, 0x000000008da00000| Untracked 
|  47|0x000000008db00000, 0x000000008db00000, 0x000000008dc00000|  0%| F|  |TAMS 0x000000008db00000, 0x000000008db00000| Untracked 
|  48|0x000000008dc00000, 0x000000008dc00000, 0x000000008dd00000|  0%| F|  |TAMS 0x000000008dc00000, 0x000000008dc00000| Untracked 
|  49|0x000000008dd00000, 0x000000008dd00000, 0x000000008de00000|  0%| F|  |TAMS 0x000000008dd00000, 0x000000008dd00000| Untracked 
|  50|0x000000008de00000, 0x000000008de00000, 0x000000008df00000|  0%| F|  |TAMS 0x000000008de00000, 0x000000008de00000| Untracked 
|  51|0x000000008df00000, 0x000000008e000000, 0x000000008e000000|100%| E|  |TAMS 0x000000008df00000, 0x000000008df00000| Complete 
|  52|0x000000008e000000, 0x000000008e100000, 0x000000008e100000|100%| E|CS|TAMS 0x000000008e000000, 0x000000008e000000| Complete 
|  80|0x000000008fc00000, 0x000000008fd00000, 0x000000008fd00000|100%| E|CS|TAMS 0x000000008fc00000, 0x000000008fc00000| Complete 
|  83|0x000000008ff00000, 0x0000000090000000, 0x0000000090000000|100%| E|CS|TAMS 0x000000008ff00000, 0x000000008ff00000| Complete 
|  84|0x0000000090000000, 0x0000000090100000, 0x0000000090100000|100%| E|CS|TAMS 0x0000000090000000, 0x0000000090000000| Complete 
|  85|0x0000000090100000, 0x0000000090200000, 0x0000000090200000|100%| E|  |TAMS 0x0000000090100000, 0x0000000090100000| Complete 
|  86|0x0000000090200000, 0x0000000090300000, 0x0000000090300000|100%| E|CS|TAMS 0x0000000090200000, 0x0000000090200000| Complete 
|  87|0x0000000090300000, 0x0000000090400000, 0x0000000090400000|100%| E|CS|TAMS 0x0000000090300000, 0x0000000090300000| Complete 
|  88|0x0000000090400000, 0x0000000090500000, 0x0000000090500000|100%| E|CS|TAMS 0x0000000090400000, 0x0000000090400000| Complete 
|  89|0x0000000090500000, 0x000000009057f610, 0x0000000090600000| 49%| S|CS|TAMS 0x0000000090500000, 0x0000000090500000| Complete 
| 117|0x0000000092100000, 0x0000000092200000, 0x0000000092200000|100%| E|CS|TAMS 0x0000000092100000, 0x0000000092100000| Complete 
|1875|0x00000000fff00000, 0x0000000100000000, 0x0000000100000000|100%| O|  |TAMS 0x0000000100000000, 0x00000000fff00000| Untracked 

Card table byte_map: [0x0000023457660000,0x0000023457a10000] _byte_map_base: 0x000002345720a000

Marking Bits (Prev, Next): (CMBitMap*) 0x000002343e4c9a50, (CMBitMap*) 0x000002343e4c9a90
 Prev Bits: [0x0000023457dc0000, 0x0000023459b10000)
 Next Bits: [0x0000023459b10000, 0x000002345b860000)

Polling page: 0x000002343e540000

Metaspace:

Usage:
  Non-class:     34.40 MB used.
      Class:      4.78 MB used.
       Both:     39.18 MB used.

Virtual space:
  Non-class space:       64.00 MB reserved,      34.56 MB ( 54%) committed,  1 nodes.
      Class space:        1.00 GB reserved,       4.94 MB ( <1%) committed,  1 nodes.
             Both:        1.06 GB reserved,      39.50 MB (  4%) committed. 

Chunk freelists:
   Non-Class:  11.91 MB
       Class:  11.11 MB
        Both:  23.01 MB

MaxMetaspaceSize: unlimited
CompressedClassSpaceSize: 1.00 GB
Initial GC threshold: 21.00 MB
Current GC threshold: 58.69 MB
CDS: on
MetaspaceReclaimPolicy: balanced
 - commit_granule_bytes: 65536.
 - commit_granule_words: 8192.
 - virtual_space_node_default_size: 8388608.
 - enlarge_chunks_in_place: 1.
 - new_chunks_are_fully_committed: 0.
 - uncommit_free_chunks: 1.
 - use_allocation_guard: 0.
 - handle_deallocations: 1.


Internal statistics:

num_allocs_failed_limit: 6.
num_arena_births: 204.
num_arena_deaths: 0.
num_vsnodes_births: 2.
num_vsnodes_deaths: 0.
num_space_committed: 632.
num_space_uncommitted: 0.
num_chunks_returned_to_freelist: 6.
num_chunks_taken_from_freelist: 1590.
num_chunk_merges: 6.
num_chunk_splits: 1306.
num_chunks_enlarged: 1178.
num_inconsistent_stats: 0.

CodeHeap 'non-profiled nmethods': size=120000Kb used=1210Kb max_used=1210Kb free=118789Kb
 bounds [0x000002344f1e0000, 0x000002344f450000, 0x0000023456710000]
CodeHeap 'profiled nmethods': size=120000Kb used=6120Kb max_used=6120Kb free=113879Kb
 bounds [0x0000023447710000, 0x0000023447d10000, 0x000002344ec40000]
CodeHeap 'non-nmethods': size=5760Kb used=1287Kb max_used=1304Kb free=4472Kb
 bounds [0x000002344ec40000, 0x000002344eeb0000, 0x000002344f1e0000]
 total_blobs=3541 nmethods=2934 adapters=519
 compilation: enabled
              stopped_count=0, restarted_count=0
 full_count=0

Compilation events (20 events):
Event: 8.617 Thread 0x000002345e4af950 2915       3       jdk.internal.org.objectweb.asm.AnnotationWriter::create (34 bytes)
Event: 8.617 Thread 0x000002345e4af950 nmethod 2915 0x0000023447d07310 code [0x0000023447d07500, 0x0000023447d079b8]
Event: 8.617 Thread 0x000002345e4af950 2916       3       jdk.internal.org.objectweb.asm.AnnotationWriter::visitEnd (44 bytes)
Event: 8.617 Thread 0x000002345e4af950 nmethod 2916 0x0000023447d07b90 code [0x0000023447d07d20, 0x0000023447d07eb8]
Event: 8.639 Thread 0x000002345e4af950 2918       3       kotlin.ranges.RangesKt___RangesKt::coerceAtLeast (11 bytes)
Event: 8.639 Thread 0x000002345e4af950 nmethod 2918 0x0000023447d08010 code [0x0000023447d081a0, 0x0000023447d082d8]
Event: 8.685 Thread 0x000002345e4af950 2927       1       org.jetbrains.kotlin.kotlinx.collections.immutable.implementations.immutableMap.PersistentHashMap::getSize (5 bytes)
Event: 8.685 Thread 0x000002345e4af950 nmethod 2927 0x000002344f30d510 code [0x000002344f30d6a0, 0x000002344f30d778]
Event: 8.685 Thread 0x000002345e4af950 2928       1       org.jetbrains.kotlin.kotlinx.collections.immutable.implementations.immutableMap.PersistentHashMap::getNode$kotlinx_collections_immutable (5 bytes)
Event: 8.686 Thread 0x000002345e4af950 nmethod 2928 0x000002344f30d810 code [0x000002344f30d9a0, 0x000002344f30da78]
Event: 8.700 Thread 0x000002345e4af950 2929       1       org.jetbrains.kotlin.fir.resolve.transformers.body.resolve.FirAbstractBodyResolveTransformerDispatcher::getComponents (5 bytes)
Event: 8.700 Thread 0x000002345e4af950 nmethod 2929 0x000002344f30db10 code [0x000002344f30dca0, 0x000002344f30dd78]
Event: 8.713 Thread 0x000002345e4af950 2932       3       java.lang.invoke.LambdaForm$BasicType::basicType (187 bytes)
Event: 8.714 Thread 0x000002345e4af950 nmethod 2932 0x0000023447d08390 code [0x0000023447d08620, 0x0000023447d09168]
Event: 8.714 Thread 0x000002345e4af950 2933       3       sun.invoke.util.Wrapper::isSubwordOrInt (20 bytes)
Event: 8.715 Thread 0x000002345e4af950 nmethod 2933 0x0000023447d09410 code [0x0000023447d095c0, 0x0000023447d099d8]
Event: 8.715 Thread 0x000002345e4af950 2934       3       sun.invoke.util.Wrapper::isIntegral (23 bytes)
Event: 8.715 Thread 0x000002345e4af950 nmethod 2934 0x0000023447d09b10 code [0x0000023447d09cc0, 0x0000023447d09f18]
Event: 8.715 Thread 0x000002345e4af950 2935       3       sun.invoke.util.Wrapper::isNumeric (16 bytes)
Event: 8.715 Thread 0x000002345e4af950 nmethod 2935 0x0000023447d0a010 code [0x0000023447d0a1a0, 0x0000023447d0a318]

GC Heap History (16 events):
Event: 1.127 GC heap before
{Heap before GC invocations=0 (full 0):
 garbage-first heap   total 120832K, used 26624K [0x000000008ac00000, 0x0000000100000000)
  region size 1024K, 23 young (23552K), 0 survivors (0K)
 Metaspace       used 6863K, committed 6976K, reserved 1114112K
  class space    used 707K, committed 768K, reserved 1048576K
}
Event: 1.136 GC heap after
{Heap after GC invocations=1 (full 0):
 garbage-first heap   total 120832K, used 6304K [0x000000008ac00000, 0x0000000100000000)
  region size 1024K, 3 young (3072K), 3 survivors (3072K)
 Metaspace       used 6863K, committed 6976K, reserved 1114112K
  class space    used 707K, committed 768K, reserved 1048576K
}
Event: 2.249 GC heap before
{Heap before GC invocations=1 (full 0):
 garbage-first heap   total 120832K, used 39072K [0x000000008ac00000, 0x0000000100000000)
  region size 1024K, 35 young (35840K), 3 survivors (3072K)
 Metaspace       used 16266K, committed 16448K, reserved 1114112K
  class space    used 1853K, committed 1920K, reserved 1048576K
}
Event: 2.261 GC heap after
{Heap after GC invocations=2 (full 0):
 garbage-first heap   total 120832K, used 7670K [0x000000008ac00000, 0x0000000100000000)
  region size 1024K, 2 young (2048K), 2 survivors (2048K)
 Metaspace       used 16266K, committed 16448K, reserved 1114112K
  class space    used 1853K, committed 1920K, reserved 1048576K
}
Event: 3.312 GC heap before
{Heap before GC invocations=2 (full 0):
 garbage-first heap   total 120832K, used 35318K [0x000000008ac00000, 0x0000000100000000)
  region size 1024K, 30 young (30720K), 2 survivors (2048K)
 Metaspace       used 21319K, committed 21504K, reserved 1114112K
  class space    used 2487K, committed 2560K, reserved 1048576K
}
Event: 3.332 GC heap after
{Heap after GC invocations=3 (full 0):
 garbage-first heap   total 120832K, used 14031K [0x000000008ac00000, 0x0000000100000000)
  region size 1024K, 8 young (8192K), 8 survivors (8192K)
 Metaspace       used 21319K, committed 21504K, reserved 1114112K
  class space    used 2487K, committed 2560K, reserved 1048576K
}
Event: 4.414 GC heap before
{Heap before GC invocations=4 (full 0):
 garbage-first heap   total 51200K, used 40655K [0x000000008ac00000, 0x0000000100000000)
  region size 1024K, 35 young (35840K), 8 survivors (8192K)
 Metaspace       used 27579K, committed 27776K, reserved 1114112K
  class space    used 3591K, committed 3648K, reserved 1048576K
}
Event: 4.435 GC heap after
{Heap after GC invocations=5 (full 0):
 garbage-first heap   total 53248K, used 16283K [0x000000008ac00000, 0x0000000100000000)
  region size 1024K, 3 young (3072K), 3 survivors (3072K)
 Metaspace       used 27579K, committed 27776K, reserved 1114112K
  class space    used 3591K, committed 3648K, reserved 1048576K
}
Event: 5.321 GC heap before
{Heap before GC invocations=5 (full 0):
 garbage-first heap   total 53248K, used 36763K [0x000000008ac00000, 0x0000000100000000)
  region size 1024K, 24 young (24576K), 3 survivors (3072K)
 Metaspace       used 33209K, committed 33472K, reserved 1114112K
  class space    used 4124K, committed 4224K, reserved 1048576K
}
Event: 5.329 GC heap after
{Heap after GC invocations=6 (full 0):
 garbage-first heap   total 53248K, used 17297K [0x000000008ac00000, 0x0000000100000000)
  region size 1024K, 1 young (1024K), 1 survivors (1024K)
 Metaspace       used 33209K, committed 33472K, reserved 1114112K
  class space    used 4124K, committed 4224K, reserved 1048576K
}
Event: 5.889 GC heap before
{Heap before GC invocations=6 (full 0):
 garbage-first heap   total 53248K, used 26513K [0x000000008ac00000, 0x0000000100000000)
  region size 1024K, 12 young (12288K), 1 survivors (1024K)
 Metaspace       used 35769K, committed 35968K, reserved 1114112K
  class space    used 4432K, committed 4544K, reserved 1048576K
}
Event: 5.897 GC heap after
{Heap after GC invocations=7 (full 0):
 garbage-first heap   total 53248K, used 18039K [0x000000008ac00000, 0x0000000100000000)
  region size 1024K, 2 young (2048K), 2 survivors (2048K)
 Metaspace       used 35769K, committed 35968K, reserved 1114112K
  class space    used 4432K, committed 4544K, reserved 1048576K
}
Event: 7.189 GC heap before
{Heap before GC invocations=8 (full 0):
 garbage-first heap   total 53248K, used 39543K [0x000000008ac00000, 0x0000000100000000)
  region size 1024K, 24 young (24576K), 2 survivors (2048K)
 Metaspace       used 37777K, committed 38016K, reserved 1114112K
  class space    used 4637K, committed 4736K, reserved 1048576K
}
Event: 7.211 GC heap after
{Heap after GC invocations=9 (full 0):
 garbage-first heap   total 53248K, used 23813K [0x000000008ac00000, 0x0000000100000000)
  region size 1024K, 3 young (3072K), 3 survivors (3072K)
 Metaspace       used 37777K, committed 38016K, reserved 1114112K
  class space    used 4637K, committed 4736K, reserved 1048576K
}
Event: 7.245 GC heap before
{Heap before GC invocations=9 (full 0):
 garbage-first heap   total 53248K, used 24837K [0x000000008ac00000, 0x0000000100000000)
  region size 1024K, 4 young (4096K), 3 survivors (3072K)
 Metaspace       used 37924K, committed 38208K, reserved 1114112K
  class space    used 4646K, committed 4800K, reserved 1048576K
}
Event: 7.257 GC heap after
{Heap after GC invocations=10 (full 0):
 garbage-first heap   total 64512K, used 23928K [0x000000008ac00000, 0x0000000100000000)
  region size 1024K, 1 young (1024K), 1 survivors (1024K)
 Metaspace       used 37924K, committed 38208K, reserved 1114112K
  class space    used 4646K, committed 4800K, reserved 1048576K
}

Deoptimization events (20 events):
Event: 7.038 Thread 0x000002343e472fb0 Uncommon trap: trap_request=0xffffff5c fr.pc=0x000002344f2effb8 relative=0x0000000000000098
Event: 7.038 Thread 0x000002343e472fb0 Uncommon trap: reason=speculate_null_check action=make_not_entrant pc=0x000002344f2effb8 method=org.jetbrains.kotlin.com.intellij.openapi.vfs.VfsUtilCore.isAncestor(Lorg/jetbrains/kotlin/com/intellij/openapi/vfs/VirtualFile;Lorg/jetbrains/kotlin/com/intel
Event: 7.038 Thread 0x000002343e472fb0 DEOPT PACKING pc=0x000002344f2effb8 sp=0x00000057b90fd1b0
Event: 7.038 Thread 0x000002343e472fb0 DEOPT UNPACKING pc=0x000002344ec923a3 sp=0x00000057b90fd140 mode 2
Event: 7.114 Thread 0x000002343e472fb0 Uncommon trap: trap_request=0xffffffcc fr.pc=0x000002344f2f5248 relative=0x0000000000000328
Event: 7.114 Thread 0x000002343e472fb0 Uncommon trap: reason=intrinsic_or_type_checked_inlining action=make_not_entrant pc=0x000002344f2f5248 method=java.util.Arrays.copyOf([Ljava/lang/Object;ILjava/lang/Class;)[Ljava/lang/Object; @ 35 c2
Event: 7.114 Thread 0x000002343e472fb0 DEOPT PACKING pc=0x000002344f2f5248 sp=0x00000057b90fbfe0
Event: 7.114 Thread 0x000002343e472fb0 DEOPT UNPACKING pc=0x000002344ec923a3 sp=0x00000057b90fbf70 mode 2
Event: 7.175 Thread 0x000002343e472fb0 Uncommon trap: trap_request=0xffffff45 fr.pc=0x000002344f2f5c48 relative=0x00000000000001a8
Event: 7.175 Thread 0x000002343e472fb0 Uncommon trap: reason=unstable_if action=reinterpret pc=0x000002344f2f5c48 method=org.jetbrains.kotlin.name.FqNameUnsafe.equals(Ljava/lang/Object;)Z @ 2 c2
Event: 7.175 Thread 0x000002343e472fb0 DEOPT PACKING pc=0x000002344f2f5c48 sp=0x00000057b90fac40
Event: 7.175 Thread 0x000002343e472fb0 DEOPT UNPACKING pc=0x000002344ec923a3 sp=0x00000057b90fab50 mode 2
Event: 7.265 Thread 0x000002343e472fb0 DEOPT PACKING pc=0x0000023447a765b0 sp=0x00000057b90fc170
Event: 7.265 Thread 0x000002343e472fb0 DEOPT UNPACKING pc=0x000002344ec92b43 sp=0x00000057b90fb688 mode 0
Event: 7.415 Thread 0x000002343e472fb0 Uncommon trap: trap_request=0xffffff45 fr.pc=0x000002344f2c6500 relative=0x0000000000001c80
Event: 7.415 Thread 0x000002343e472fb0 Uncommon trap: reason=unstable_if action=reinterpret pc=0x000002344f2c6500 method=java.util.HashMap.putVal(ILjava/lang/Object;Ljava/lang/Object;ZZ)Ljava/lang/Object; @ 193 c2
Event: 7.415 Thread 0x000002343e472fb0 DEOPT PACKING pc=0x000002344f2c6500 sp=0x00000057b90fd030
Event: 7.415 Thread 0x000002343e472fb0 DEOPT UNPACKING pc=0x000002344ec923a3 sp=0x00000057b90fcef8 mode 2
Event: 7.486 Thread 0x000002343e472fb0 DEOPT PACKING pc=0x0000023447a765b0 sp=0x00000057b90fae70
Event: 7.486 Thread 0x000002343e472fb0 DEOPT UNPACKING pc=0x000002344ec92b43 sp=0x00000057b90fa388 mode 0

Classes unloaded (0 events):
No events

Classes redefined (0 events):
No events

Internal exceptions (20 events):
Event: 2.215 Thread 0x000002343e472fb0 Exception <a 'java/lang/NoSuchMethodError'{0x000000008ff2b438}: 'void java.lang.invoke.DirectMethodHandle$Holder.invokeVirtual(java.lang.Object, java.lang.Object)'> (0x000000008ff2b438) 
thrown [s\open\src\hotspot\share\interpreter\linkResolver.cpp, line 759]
Event: 2.226 Thread 0x000002343e472fb0 Exception <a 'sun/nio/fs/WindowsException'{0x000000008ff736b0}> (0x000000008ff736b0) 
thrown [s\open\src\hotspot\share\prims\jni.cpp, line 516]
Event: 2.244 Thread 0x000002343e472fb0 Exception <a 'java/lang/NoSuchMethodError'{0x000000008fff91a8}: 'java.lang.Object java.lang.invoke.Invokers$Holder.invoke_MT(java.lang.Object, java.lang.Object, java.lang.Object)'> (0x000000008fff91a8) 
thrown [s\open\src\hotspot\share\interpreter\linkResolver.cpp, line 759]
Event: 2.497 Thread 0x000002343e472fb0 Exception <a 'java/lang/NoSuchMethodError'{0x000000009165f5f8}: 'java.lang.Object java.lang.invoke.DirectMethodHandle$Holder.newInvokeSpecial(java.lang.Object, int, java.lang.Object, java.lang.Object, java.lang.Object, java.lang.Object)'> (0x000000009165f5f8) 
thrown [s\open\src\hotspot\share\interpreter\linkResolver.cpp, line 759]
Event: 2.591 Thread 0x000002343e472fb0 Exception <a 'java/lang/NoSuchMethodError'{0x00000000915b19a0}: 'java.lang.Object java.lang.invoke.DirectMethodHandle$Holder.invokeStatic(java.lang.Object, java.lang.Object, int, java.lang.Object)'> (0x00000000915b19a0) 
thrown [s\open\src\hotspot\share\interpreter\linkResolver.cpp, line 759]
Event: 2.927 Thread 0x000002343e472fb0 Exception <a 'java/lang/NoSuchMethodError'{0x0000000090e1ee28}: 'java.lang.Object java.lang.invoke.DirectMethodHandle$Holder.newInvokeSpecial(java.lang.Object, java.lang.Object, java.lang.Object, java.lang.Object, java.lang.Object, java.lang.Object)'> (0x0000000090e1ee28) 
thrown [s\open\src\hotspot\share\interpreter\linkResolver.cpp, line 759]
Event: 3.967 Thread 0x000002343e472fb0 Exception <a 'java/lang/NoSuchMethodError'{0x000000008c736e88}: 'java.lang.Object java.lang.invoke.DirectMethodHandle$Holder.newInvokeSpecial(java.lang.Object, java.lang.Object, java.lang.Object, java.lang.Object, java.lang.Object, java.lang.Object, java.lang.Object)'> (0x000000008c736e88) 
thrown [s\open\src\hotspot\share\interpreter\linkResolver.cpp, line 759]
Event: 3.967 Thread 0x000002343e472fb0 Exception <a 'java/lang/NoSuchMethodError'{0x000000008c73b798}: 'java.lang.Object java.lang.invoke.Invokers$Holder.linkToTargetMethod(java.lang.Object, java.lang.Object, java.lang.Object, java.lang.Object, java.lang.Object, java.lang.Object, java.lang.Object)'> (0x000000008c73b798) 
thrown [s\open\src\hotspot\share\interpreter\linkResolver.cpp, line 759]
Event: 4.561 Thread 0x000002343e472fb0 Exception <a 'java/lang/NoSuchMethodError'{0x00000000903b1790}: 'java.lang.Object java.lang.invoke.DirectMethodHandle$Holder.invokeVirtual(java.lang.Object, java.lang.Object, java.lang.Object)'> (0x00000000903b1790) 
thrown [s\open\src\hotspot\share\interpreter\linkResolver.cpp, line 759]
Event: 4.640 Thread 0x000002343e472fb0 Exception <a 'java/lang/NoSuchMethodError'{0x0000000090131200}: 'java.lang.Object java.lang.invoke.DirectMethodHandle$Holder.newInvokeSpecial(java.lang.Object, java.lang.Object, int)'> (0x0000000090131200) 
thrown [s\open\src\hotspot\share\interpreter\linkResolver.cpp, line 759]
Event: 5.561 Thread 0x000002343e472fb0 Exception <a 'java/lang/NoSuchMethodError'{0x00000000902e0358}: 'java.lang.Object java.lang.invoke.DirectMethodHandle$Holder.newInvokeSpecial(java.lang.Object, java.lang.Object, java.lang.Object, int, java.lang.Object)'> (0x00000000902e0358) 
thrown [s\open\src\hotspot\share\interpreter\linkResolver.cpp, line 759]
Event: 5.563 Thread 0x000002343e472fb0 Exception <a 'java/lang/NoSuchMethodError'{0x00000000902e7f18}: 'java.lang.Object java.lang.invoke.Invokers$Holder.linkToTargetMethod(java.lang.Object, java.lang.Object, int, java.lang.Object, java.lang.Object)'> (0x00000000902e7f18) 
thrown [s\open\src\hotspot\share\interpreter\linkResolver.cpp, line 759]
Event: 6.079 Thread 0x000002343e472fb0 Implicit null exception at 0x000002344f2a0f90 to 0x000002344f2a1500
Event: 7.530 Thread 0x000002343e472fb0 Exception <a 'java/lang/NoSuchMethodError'{0x00000000900b25f8}: 'java.lang.Object java.lang.invoke.DirectMethodHandle$Holder.newInvokeSpecial(java.lang.Object, java.lang.Object, java.lang.Object, java.lang.Object, java.lang.Object, java.lang.Object, java.lang.Object, java.lang.Object, java.lang.Object)'> (0x00000000900b25f8) 
thrown [s\open\src\hotspot\share\interpreter\linkResolver.cpp, line 759]
Event: 7.531 Thread 0x000002343e472fb0 Exception <a 'java/lang/NoSuchMethodError'{0x00000000900b7eb8}: 'java.lang.Object java.lang.invoke.DirectMethodHandle$Holder.invokeSpecial(java.lang.Object, java.lang.Object, java.lang.Object, java.lang.Object, java.lang.Object, java.lang.Object, java.lang.Object, java.lang.Object, java.lang.Object, java.lang.Object)'> (0x00000000900b7eb8) 
thrown [s\open\src\hotspot\share\interpreter\linkResolver.cpp, line 759]
Event: 7.531 Thread 0x000002343e472fb0 Exception <a 'java/lang/NoSuchMethodError'{0x00000000900bc728}: 'java.lang.Object java.lang.invoke.Invokers$Holder.linkToTargetMethod(java.lang.Object, java.lang.Object, java.lang.Object, java.lang.Object, java.lang.Object, java.lang.Object, java.lang.Object, java.lang.Object, java.lang.Object)'> (0x00000000900bc728) 
thrown [s\open\src\hotspot\share\interpreter\linkResolver.cpp, line 759]
Event: 8.661 Thread 0x000002343e472fb0 Exception <a 'java/lang/NoSuchMethodError'{0x000000008e027368}: 'java.lang.Object java.lang.invoke.DirectMethodHandle$Holder.newInvokeSpecial(java.lang.Object, java.lang.Object, java.lang.Object, int)'> (0x000000008e027368) 
thrown [s\open\src\hotspot\share\interpreter\linkResolver.cpp, line 759]
Event: 8.662 Thread 0x000002343e472fb0 Exception <a 'java/lang/NoSuchMethodError'{0x000000008e02b730}: 'java.lang.Object java.lang.invoke.DirectMethodHandle$Holder.invokeSpecial(java.lang.Object, java.lang.Object, java.lang.Object, java.lang.Object, int)'> (0x000000008e02b730) 
thrown [s\open\src\hotspot\share\interpreter\linkResolver.cpp, line 759]
Event: 8.662 Thread 0x000002343e472fb0 Exception <a 'java/lang/NoSuchMethodError'{0x000000008e02f5a0}: 'java.lang.Object java.lang.invoke.Invokers$Holder.linkToTargetMethod(java.lang.Object, java.lang.Object, int, java.lang.Object)'> (0x000000008e02f5a0) 
thrown [s\open\src\hotspot\share\interpreter\linkResolver.cpp, line 759]
Event: 8.667 Thread 0x000002343e472fb0 Exception <a 'java/lang/NoSuchMethodError'{0x000000008e040100}: 'java.lang.Object java.lang.invoke.DirectMethodHandle$Holder.newInvokeSpecial(java.lang.Object, int, java.lang.Object)'> (0x000000008e040100) 
thrown [s\open\src\hotspot\share\interpreter\linkResolver.cpp, line 759]

VM Operations (20 events):
Event: 5.396 Executing VM operation: HandshakeAllThreads
Event: 5.396 Executing VM operation: HandshakeAllThreads done
Event: 5.888 Executing VM operation: CollectForMetadataAllocation
Event: 5.897 Executing VM operation: CollectForMetadataAllocation done
Event: 5.911 Executing VM operation: G1Concurrent
Event: 5.916 Executing VM operation: G1Concurrent done
Event: 5.921 Executing VM operation: G1Concurrent
Event: 5.922 Executing VM operation: G1Concurrent done
Event: 6.817 Executing VM operation: ICBufferFull
Event: 6.818 Executing VM operation: ICBufferFull done
Event: 7.076 Executing VM operation: HandshakeAllThreads
Event: 7.077 Executing VM operation: HandshakeAllThreads done
Event: 7.188 Executing VM operation: G1CollectForAllocation
Event: 7.211 Executing VM operation: G1CollectForAllocation done
Event: 7.245 Executing VM operation: G1CollectForAllocation
Event: 7.257 Executing VM operation: G1CollectForAllocation done
Event: 8.272 Executing VM operation: Cleanup
Event: 8.598 Executing VM operation: Cleanup done
Event: 9.607 Executing VM operation: Cleanup
Event: 9.607 Executing VM operation: Cleanup done

Events (20 events):
Event: 4.822 loading class java/util/ArrayList$ListItr
Event: 4.823 loading class java/util/ArrayList$ListItr done
Event: 5.187 loading class java/util/PriorityQueue
Event: 5.188 loading class java/util/PriorityQueue done
Event: 5.615 loading class java/security/AccessControlException
Event: 5.616 loading class java/security/AccessControlException done
Event: 5.677 loading class java/text/StringCharacterIterator
Event: 5.678 loading class java/text/CharacterIterator
Event: 5.678 loading class java/text/CharacterIterator done
Event: 5.678 loading class java/text/StringCharacterIterator done
Event: 5.950 loading class java/lang/annotation/ElementType
Event: 5.950 loading class java/lang/annotation/ElementType done
Event: 5.950 loading class java/lang/Deprecated
Event: 5.951 loading class java/lang/Deprecated done
Event: 5.951 loading class java/lang/Override
Event: 5.951 loading class java/lang/Override done
Event: 6.323 loading class java/util/ArrayList$SubList$1
Event: 6.324 loading class java/util/ArrayList$SubList$1 done
Event: 7.075 loading class java/util/AbstractList$ListItr
Event: 7.076 loading class java/util/AbstractList$ListItr done


Dynamic libraries:
0x00007ff7a5670000 - 0x00007ff7a5680000 	C:\Program Files\Java\jdk-17\bin\java.exe
0x00007ff80bbc0000 - 0x00007ff80be23000 	C:\WINDOWS\SYSTEM32\ntdll.dll
0x00007ff80a080000 - 0x00007ff80a148000 	C:\WINDOWS\System32\KERNEL32.DLL
0x00007ff808fc0000 - 0x00007ff809372000 	C:\WINDOWS\System32\KERNELBASE.dll
0x00007ff809590000 - 0x00007ff8096db000 	C:\WINDOWS\System32\ucrtbase.dll
0x00007fffcb980000 - 0x00007fffcb99b000 	C:\Program Files\Java\jdk-17\bin\VCRUNTIME140.dll
0x00007fffc8a60000 - 0x00007fffc8a79000 	C:\Program Files\Java\jdk-17\bin\jli.dll
0x00007ff80a150000 - 0x00007ff80a204000 	C:\WINDOWS\System32\ADVAPI32.dll
0x00007ff80a270000 - 0x00007ff80a319000 	C:\WINDOWS\System32\msvcrt.dll
0x00007ff80b0d0000 - 0x00007ff80b176000 	C:\WINDOWS\System32\sechost.dll
0x00007ff80b9f0000 - 0x00007ff80bb06000 	C:\WINDOWS\System32\RPCRT4.dll
0x00007ff80a3b0000 - 0x00007ff80a578000 	C:\WINDOWS\System32\USER32.dll
0x00007ff808f90000 - 0x00007ff808fb7000 	C:\WINDOWS\System32\win32u.dll
0x00007ff80a380000 - 0x00007ff80a3aa000 	C:\WINDOWS\System32\GDI32.dll
0x00007ff8097a0000 - 0x00007ff8098cb000 	C:\WINDOWS\System32\gdi32full.dll
0x00007ff809970000 - 0x00007ff809a13000 	C:\WINDOWS\System32\msvcp_win.dll
0x00007fffec580000 - 0x00007fffec810000 	C:\WINDOWS\WinSxS\amd64_microsoft.windows.common-controls_6595b64144ccf1df_6.0.26100.2454_none_3e0b68a2e331ad60\COMCTL32.dll
0x00007ff802a10000 - 0x00007ff802a1b000 	C:\WINDOWS\SYSTEM32\VERSION.dll
0x00007ff80bb40000 - 0x00007ff80bb6f000 	C:\WINDOWS\System32\IMM32.DLL
0x00007fffd7630000 - 0x00007fffd763c000 	C:\Program Files\Java\jdk-17\bin\vcruntime140_1.dll
0x00007fff65910000 - 0x00007fff6599e000 	C:\Program Files\Java\jdk-17\bin\msvcp140.dll
0x00007fff64d30000 - 0x00007fff65910000 	C:\Program Files\Java\jdk-17\bin\server\jvm.dll
0x00007ff80bb30000 - 0x00007ff80bb38000 	C:\WINDOWS\System32\PSAPI.DLL
0x00007fffd4880000 - 0x00007fffd488a000 	C:\WINDOWS\SYSTEM32\WSOCK32.dll
0x00007ff8029d0000 - 0x00007ff802a06000 	C:\WINDOWS\SYSTEM32\WINMM.dll
0x00007ff80b270000 - 0x00007ff80b2e4000 	C:\WINDOWS\System32\WS2_32.dll
0x00007ff807dd0000 - 0x00007ff807dea000 	C:\WINDOWS\SYSTEM32\kernel.appcore.dll
0x00007fffd3450000 - 0x00007fffd345a000 	C:\Program Files\Java\jdk-17\bin\jimage.dll
0x00007ffffd060000 - 0x00007ffffd2a1000 	C:\WINDOWS\SYSTEM32\DBGHELP.DLL
0x00007ff809b90000 - 0x00007ff809f0e000 	C:\WINDOWS\System32\combase.dll
0x00007ff80ac90000 - 0x00007ff80ad66000 	C:\WINDOWS\System32\OLEAUT32.dll
0x00007fffecb00000 - 0x00007fffecb39000 	C:\WINDOWS\SYSTEM32\dbgcore.DLL
0x00007ff8098d0000 - 0x00007ff809969000 	C:\WINDOWS\System32\bcryptPrimitives.dll
0x00007fff97920000 - 0x00007fff97945000 	C:\Program Files\Java\jdk-17\bin\java.dll
0x00007fff64c50000 - 0x00007fff64d27000 	C:\Program Files\Java\jdk-17\bin\jsvml.dll
0x00007ff80a580000 - 0x00007ff80ac81000 	C:\WINDOWS\System32\SHELL32.dll
0x00007ff806c80000 - 0x00007ff8074b1000 	C:\WINDOWS\SYSTEM32\windows.storage.dll
0x00007ff809a20000 - 0x00007ff809afa000 	C:\WINDOWS\System32\SHCORE.dll
0x00007ff80b990000 - 0x00007ff80b9ed000 	C:\WINDOWS\System32\shlwapi.dll
0x00007ff808ea0000 - 0x00007ff808ece000 	C:\WINDOWS\SYSTEM32\profapi.dll
0x00007fffbefd0000 - 0x00007fffbefe9000 	C:\Program Files\Java\jdk-17\bin\net.dll
0x00007fffff4e0000 - 0x00007fffff606000 	C:\WINDOWS\SYSTEM32\WINHTTP.dll
0x00007ff8082d0000 - 0x00007ff808338000 	C:\WINDOWS\system32\mswsock.dll
0x00007fffbee50000 - 0x00007fffbee66000 	C:\Program Files\Java\jdk-17\bin\nio.dll
0x00007fffa1f20000 - 0x00007fffa1f38000 	C:\Program Files\Java\jdk-17\bin\zip.dll
0x00007fffcc660000 - 0x00007fffcc670000 	C:\Program Files\Java\jdk-17\bin\verify.dll

dbghelp: loaded successfully - version: 4.0.5 - missing functions: none
symbol engine: initialized successfully - sym options: 0x614 - pdb path: .;C:\Program Files\Java\jdk-17\bin;C:\WINDOWS\SYSTEM32;C:\WINDOWS\WinSxS\amd64_microsoft.windows.common-controls_6595b64144ccf1df_6.0.26100.2454_none_3e0b68a2e331ad60;C:\Program Files\Java\jdk-17\bin\server

VM Arguments:
java_command: org.jetbrains.kotlin.cli.jvm.K2JVMCompiler @C:\Nandha\Ecom360\android\app\build\20250205_6864414728691023977.compiler.options
java_class_path (initial): C:\Users\nitis\.gradle\caches\modules-2\files-2.1\org.jetbrains.kotlin\kotlin-compiler-embeddable\2.0.21\79346ed53db48b18312a472602eb5c057070c54d\kotlin-compiler-embeddable-2.0.21.jar;C:\Users\nitis\.gradle\caches\modules-2\files-2.1\org.jetbrains.kotlin\kotlin-stdlib\2.0.21\618b539767b4899b4660a83006e052b63f1db551\kotlin-stdlib-2.0.21.jar;C:\Users\nitis\.gradle\caches\modules-2\files-2.1\org.jetbrains.kotlin\kotlin-script-runtime\2.0.21\c9b044380ad41f89aa89aa896c2d32a8c0b2129d\kotlin-script-runtime-2.0.21.jar;C:\Users\nitis\.gradle\caches\modules-2\files-2.1\org.jetbrains.kotlin\kotlin-reflect\1.6.10\1cbe9c92c12a94eea200d23c2bbaedaf3daf5132\kotlin-reflect-1.6.10.jar;C:\Users\nitis\.gradle\caches\modules-2\files-2.1\org.jetbrains.kotlin\kotlin-daemon-embeddable\2.0.21\c9e933b23287de9b5a17e2116b4657bb91aea72c\kotlin-daemon-embeddable-2.0.21.jar;C:\Users\nitis\.gradle\caches\modules-2\files-2.1\org.jetbrains.intellij.deps\trove4j\1.0.20200330\3afb14d5f9ceb459d724e907a21145e8ff394f02\trove4j-1.0.20200330.jar;C:\Users\nitis\.gradle\caches\modules-2\files-2.1\org.jetbrains.kotlinx\kotlinx-coroutines-core-jvm\1.6.4\2c997cd1c0ef33f3e751d3831929aeff1390cb30\kotlinx-coroutines-core-jvm-1.6.4.jar;C:\Users\nitis\.gradle\caches\modules-2\files-2.1\org.jetbrains\annotations\13.0\919f0dfe192fb4e063e7dacadee7f8bb9a2672a9\annotations-13.0.jar
Launcher Type: SUN_STANDARD

[Global flags]
     intx CICompilerCount                          = 4                                         {product} {ergonomic}
     uint ConcGCThreads                            = 3                                         {product} {ergonomic}
     uint G1ConcRefinementThreads                  = 10                                        {product} {ergonomic}
   size_t G1HeapRegionSize                         = 1048576                                   {product} {ergonomic}
    uintx GCDrainStackTargetSize                   = 64                                        {product} {ergonomic}
   size_t InitialHeapSize                          = 123731968                                 {product} {ergonomic}
   size_t MarkStackSize                            = 4194304                                   {product} {ergonomic}
   size_t MaxHeapSize                              = 1967128576                                {product} {ergonomic}
   size_t MaxNewSize                               = 1179648000                                {product} {ergonomic}
   size_t MinHeapDeltaBytes                        = 1048576                                   {product} {ergonomic}
   size_t MinHeapSize                              = 8388608                                   {product} {ergonomic}
    uintx NonNMethodCodeHeapSize                   = 5839372                                {pd product} {ergonomic}
    uintx NonProfiledCodeHeapSize                  = 122909434                              {pd product} {ergonomic}
    uintx ProfiledCodeHeapSize                     = 122909434                              {pd product} {ergonomic}
    uintx ReservedCodeCacheSize                    = 251658240                              {pd product} {ergonomic}
     bool SegmentedCodeCache                       = true                                      {product} {ergonomic}
   size_t SoftMaxHeapSize                          = 1967128576                             {manageable} {ergonomic}
     bool UseCompressedClassPointers               = true                           {product lp64_product} {ergonomic}
     bool UseCompressedOops                        = true                           {product lp64_product} {ergonomic}
     bool UseG1GC                                  = true                                      {product} {ergonomic}
     bool UseLargePagesIndividualAllocation        = false                                  {pd product} {ergonomic}

Logging:
Log output configuration:
 #0: stdout all=warning uptime,level,tags
 #1: stderr all=off uptime,level,tags

Environment Variables:
JAVA_HOME=C:\Program Files\Java\jdk-17
CLASSPATH=C:\Nandha\Ecom360\android\\gradle\wrapper\gradle-wrapper.jar
PATH=C:\Nandha\Ecom360\node_modules\.bin;C:\Nandha\Ecom360\node_modules\.bin;C:\Nandha\node_modules\.bin;C:\node_modules\.bin;C:\Users\nitis\AppData\Roaming\npm\node_modules\npm\node_modules\@npmcli\run-script\lib\node-gyp-bin;C:\Program Files\Common Files\Oracle\Java\javapath;C:\WINDOWS\system32;C:\WINDOWS;C:\WINDOWS\System32\Wbem;C:\WINDOWS\System32\WindowsPowerShell\v1.0\;C:\WINDOWS\System32\OpenSSH\;C:\Program Files\nodejs\;C:\Program Files\Git\cmd;C:\Program Files\Git\bin;;C:\Users\nitis\AppData\Local\Microsoft\WindowsApps;C:\Users\nitis\AppData\Roaming\npm;C:\Users\nitis\AppData\Local\Programs\Microsoft VS Code\bin
USERNAME=nitis
LANG=en_US.UTF-8
OS=Windows_NT
PROCESSOR_IDENTIFIER=AMD64 Family 23 Model 104 Stepping 1, AuthenticAMD



---------------  S Y S T E M  ---------------

OS:
 Windows 11 , 64 bit Build 26100 (10.0.26100.2454)
OS uptime: 0 days 4:19 hours
Hyper-V role detected

CPU: total 12 (initial active 12) (12 cores per cpu, 2 threads per core) family 23 model 104 stepping 1 microcode 0x8608107, cx8, cmov, fxsr, ht, mmx, 3dnowpref, sse, sse2, sse3, ssse3, sse4a, sse4.1, sse4.2, popcnt, lzcnt, tsc, tscinvbit, avx, avx2, aes, clmul, bmi1, bmi2, adx, sha, fma, vzeroupper, clflush, clflushopt, hv

Memory: 4k page, system-wide physical 7501M (346M free)
TotalPageFile size 30029M (AvailPageFile size 9M)
current process WorkingSet (physical memory assigned to process): 166M, peak: 170M
current process commit charge ("private bytes"): 216M, peak: 255M

vm_info: Java HotSpot(TM) 64-Bit Server VM (17.0.12+8-LTS-286) for windows-amd64 JRE (17.0.12+8-LTS-286), built on Jun  5 2024 06:46:59 by "mach5one" with MS VC++ 17.6 (VS2022)

END.
